INFO:root:Namespace(K=3, a_dim=2, alpha='rnn', batch_size=128, clip=150, dataset='BouncingBall_20', device=device(type='cuda'), epochs=90, initial_epochs=10, learning_rate=0.007, model='KVAE', save_every=10, scale=0.3, scheduler_step=20, subdirectory='v1/attempt2', wandb_on='True', x_dim=1, z_dim=4)
INFO:root:Starting KVAE training for 90 epochs.
INFO:root:Train Loss, Reconstruction Loss, log q(a), ELBO_KF, MSE
INFO:root:2097.97285884, 4431.14586321, 21.44170902, -747.18734565, 1241.74373424, 0.007
INFO:root:370.04014271, 999.46311622, 54.28353780, -15.91765674, 310.61721087, 0.007
INFO:root:223.70365281, 499.41839600, 60.63512483, -13.24300291, 150.08741500, 0.007
INFO:root:190.67890954, 386.52767983, 61.87390190, -12.84669885, 116.41962626, 0.007
INFO:root:177.95890906, 345.83193545, 61.55045068, -12.65887414, 103.73480089, 0.007
INFO:root:169.14728897, 316.57939669, 60.61813958, -13.55532638, 95.59333106, 0.007
INFO:root:170.12582128, 320.63580728, 59.30336945, -14.63170576, 95.30855396, 0.007
INFO:root:175.72610832, 346.82649984, 56.51535145, -15.16280115, 104.76114587, 0.007
INFO:root:154.56082582, 269.16348035, 57.33428501, -16.47749497, 81.13857482, 0.007
INFO:root:159.80633071, 289.77160220, 55.90903888, -16.96580842, 86.74897901, 0.007
INFO:root:204.85611893, 465.24991733, 52.47830985, -12.80282867, 118.17382716, 0.007
INFO:root:139.28203347, 240.79027490, 52.28298868, -14.76195937, 72.48910252, 0.007
INFO:root:133.86020719, 223.19722661, 50.15016112, -16.75087527, 67.04564942, 0.007
INFO:root:137.29977001, 238.84895441, 47.61536190, -18.02971889, 71.68625539, 0.007
INFO:root:131.68444942, 219.36796802, 45.98468945, -19.88936674, 65.85203890, 0.007
INFO:root:133.35493717, 224.46178233, 44.20769134, -21.80870845, 67.33132891, 0.007
INFO:root:130.41132911, 214.82619756, 43.13678751, -22.82667943, 64.47048351, 0.007
INFO:root:130.41542713, 214.56965212, 41.88363232, -24.16089643, 64.32328405, 0.007
INFO:root:137.32082457, 240.80189958, 40.05785042, -25.02240119, 72.46954355, 0.007
INFO:root:131.42743176, 212.53429017, 39.95534105, -27.71180063, 63.94470674, 0.007
INFO:root:129.58167160, 207.03455498, 39.19775704, -28.27354527, 62.21312463, 0.007
INFO:root:127.92384801, 204.85670568, 38.50975196, -27.95708166, 61.48905076, 0.0059499999999999996
INFO:root:129.25224037, 206.71658093, 38.31499665, -28.92226722, 62.09725580, 0.0059499999999999996
INFO:root:127.19970600, 194.90854230, 38.21502816, -30.51211299, 58.50389244, 0.0059499999999999996
INFO:root:132.57593584, 209.29147976, 37.56636757, -32.22212180, 62.88096078, 0.0059499999999999996
INFO:root:130.82818194, 200.85338197, 37.39872061, -33.17344459, 60.37304731, 0.0059499999999999996
INFO:root:129.02235161, 199.59487896, 36.85836753, -32.28551734, 60.00932645, 0.0059499999999999996
INFO:root:125.72678716, 197.68835353, 36.79205482, -29.62822388, 59.27396856, 0.0059499999999999996
INFO:root:125.55770055, 198.45396192, 37.20988493, -28.81162447, 59.63888666, 0.0059499999999999996
INFO:root:123.98196494, 195.74402338, 36.80553224, -28.45322308, 58.80765567, 0.0059499999999999996
INFO:root:124.63902221, 197.25438005, 36.78549310, -28.67721274, 59.19241850, 0.0059499999999999996
INFO:root:121.57590395, 190.88666254, 36.45946599, -27.85043719, 57.29857771, 0.0059499999999999996
INFO:root:120.82547781, 192.34483917, 35.77903661, -27.34298698, 57.70178150, 0.0059499999999999996
INFO:root:118.08287286, 186.70992289, 35.56123057, -26.50866338, 55.96855337, 0.0059499999999999996
INFO:root:119.69986378, 190.26235170, 34.80410617, -27.81704974, 57.10250859, 0.0059499999999999996
INFO:root:129.75623576, 195.47648041, 34.62391419, -36.48937480, 58.76914539, 0.0059499999999999996
INFO:root:132.80608419, 195.14438059, 35.13305857, -39.12970920, 58.69928331, 0.0059499999999999996
INFO:root:129.05881719, 192.70548335, 35.11331978, -36.13385016, 57.93282410, 0.0059499999999999996
INFO:root:128.16400156, 195.90488656, 34.81222462, -34.58030826, 58.89881385, 0.0059499999999999996
INFO:root:129.62223102, 195.07729658, 34.56186027, -36.53717921, 58.60596017, 0.0059499999999999996
INFO:root:127.61419550, 193.39573515, 34.29930228, -35.29616979, 58.12633568, 0.0059499999999999996
INFO:root:129.53018921, 183.97523634, 33.65263077, -40.68498518, 55.16066283, 0.0050574999999999995
INFO:root:130.01892006, 186.24692410, 34.92659784, -39.21824243, 55.87970458, 0.0050574999999999995
INFO:root:123.57012886, 183.91202265, 34.59104070, -33.80547888, 55.18360669, 0.0050574999999999995
INFO:root:125.30392274, 191.35576369, 33.32911267, -34.56807913, 57.41074309, 0.0050574999999999995
INFO:root:129.18256145, 190.24034524, 32.55806046, -39.55239480, 57.08471940, 0.0050574999999999995
INFO:root:133.33134582, 184.61316845, 32.09022693, -45.85716572, 55.37187002, 0.0050574999999999995
INFO:root:132.37014020, 177.55721969, 32.51166957, -46.59130235, 53.22557261, 0.0050574999999999995
INFO:root:135.62400371, 179.96259742, 32.84077644, -48.79444564, 53.94938491, 0.0050574999999999995
INFO:root:126.58833651, 188.82823027, 32.80562845, -37.13423659, 56.65481369, 0.0050574999999999995
INFO:root:124.60981339, 181.03179738, 33.13105716, -37.16921421, 54.27546344, 0.0050574999999999995
INFO:root:122.90141738, 176.58031956, 33.12086108, -36.80645846, 52.91616807, 0.0050574999999999995
INFO:root:122.79179840, 175.66421142, 32.90594656, -37.18658624, 52.66031188, 0.0050574999999999995
INFO:root:122.79848139, 173.17552417, 32.50323168, -38.34259049, 51.88852122, 0.0050574999999999995
INFO:root:120.48129773, 176.29137102, 32.05816308, -35.53572100, 52.77188666, 0.0050574999999999995
INFO:root:120.81245143, 178.70334326, 31.37265070, -35.82879553, 53.53201767, 0.0050574999999999995
INFO:root:122.91080554, 179.78490863, 30.67651833, -38.29881259, 53.83621052, 0.0050574999999999995
INFO:root:121.27163310, 172.04008619, 30.78203882, -38.87756589, 51.50296238, 0.0050574999999999995
INFO:root:120.86281866, 176.23908610, 30.03739526, -37.95369538, 52.75037109, 0.0050574999999999995
INFO:root:119.80597369, 170.43598146, 30.06939234, -38.60578446, 50.94416669, 0.0050574999999999995
INFO:root:122.77332393, 170.15811814, 29.98088525, -41.74500033, 50.92153704, 0.0050574999999999995
INFO:root:124.54355946, 163.24794393, 29.71014887, -45.85902536, 48.73121344, 0.004298875
INFO:root:119.15933996, 167.41462476, 29.93632305, -38.99862677, 50.05498529, 0.004298875
INFO:root:118.47710450, 163.51921912, 30.64037359, -38.78096300, 48.85144135, 0.004298875
INFO:root:118.46244813, 170.28427935, 30.78028751, -36.59687468, 50.94407992, 0.004298875
INFO:root:120.02536925, 164.18205319, 31.38139140, -39.38936003, 49.06308862, 0.004298875
INFO:root:115.78416910, 165.98865017, 31.10579389, -34.88177793, 49.66535694, 0.004298875
INFO:root:119.85359564, 164.33254889, 31.00652301, -39.54730587, 49.12412677, 0.004298875
INFO:root:117.17674376, 165.72659224, 30.35670669, -37.10205730, 49.56701182, 0.004298875
INFO:root:116.60183390, 165.23110769, 30.52188837, -36.51061087, 49.43611541, 0.004298875
INFO:root:116.44602792, 165.69669603, 30.23045615, -36.50656137, 49.54787493, 0.004298875
INFO:root:116.29627124, 166.47928803, 30.02210156, -36.33038130, 49.78368721, 0.004298875
INFO:root:117.39704400, 169.78147830, 29.87856597, -36.58403206, 50.80925905, 0.004298875
INFO:root:115.90251142, 163.34763327, 29.87489164, -37.02332752, 48.83534009, 0.004298875
INFO:root:116.02857876, 165.60775931, 29.54228206, -36.80396629, 49.51643608, 0.004298875
INFO:root:116.67768609, 162.83835824, 29.40174692, -38.42442978, 48.69041950, 0.004298875
INFO:root:117.54857214, 163.17627668, 29.16999184, -39.42569542, 48.80741037, 0.004298875
INFO:root:121.72433626, 164.89790479, 29.19368430, -43.06127795, 49.31258605, 0.004298875
INFO:root:121.21993607, 167.32457260, 29.23990725, -41.78265453, 50.05993063, 0.004298875
INFO:root:118.15562682, 167.78601325, 29.61099277, -38.20882784, 50.19767935, 0.004298875
INFO:root:116.95233165, 161.72363069, 29.53938909, -38.89585192, 48.32398939, 0.004298875
INFO:root:120.43529411, 161.82148878, 29.18609185, -42.70275374, 48.33888771, 0.0036540437499999997
INFO:root:121.54870470, 161.73356165, 29.30986257, -43.71877192, 48.31767770, 0.0036540437499999997
INFO:root:124.48290518, 167.60571482, 30.76547982, -43.43570868, 50.07936024, 0.0036540437499999997
INFO:root:117.70611804, 163.39672948, 30.77493380, -37.91216385, 48.86536596, 0.0036540437499999997
INFO:root:115.49365750, 159.56609316, 30.62142389, -37.00240407, 47.65900011, 0.0036540437499999997
INFO:root:115.53997203, 159.80016742, 30.18068603, -37.41923367, 47.77450112, 0.0036540437499999997
INFO:root:114.62616118, 158.19305207, 29.95055414, -37.21768949, 47.25843753, 0.0036540437499999997
INFO:root:115.41459111, 160.81676338, 29.52027137, -37.64928848, 48.07860903, 0.0036540437499999997
INFO:root:115.34165624, 161.50482854, 29.14504406, -37.74516217, 48.28682627, 0.0036540437499999997
INFO:root:Finished training.
INFO:root:Saved model. Final Checkpoint saves/BouncingBall_20/kvae/v1/attempt2/scale=0.3/scheduler_step=20/kvae_state_dict_scale=0.3_89.pth
