INFO:root:Namespace(K=3, a_dim=2, alpha='rnn', batch_size=32, clip=150, dataset='BouncingBall_50', device=device(type='cuda'), epochs=90, factor=6, initial_epochs=10, learning_rate=0.007, levels=2, lstm_layers=1, model='KVAE_hier', save_every=10, scale=0.3, scheduler_step=20, subdirectory='v1', wandb_on='True', x_dim=1, z_dim=4)
INFO:root:Starting Hierachical KVAE training for 90 epochs.
INFO:root:Train Loss, Reconstruction Loss, log q(a), ELBO_KF, MSE
INFO:root:2041.28418620, 6425.68864451, -2.39288128, -115.97040019, 1940.66294987, 0.007
INFO:root:706.03309148, 1835.69715522, 59.95901987, -95.36490231, 547.96766186, 0.007
INFO:root:534.86042472, 1194.47185385, 73.89206351, -102.62679109, 354.28702152, 0.007
INFO:root:479.53548429, 980.59012327, 83.62143790, -101.73699711, 294.76102919, 0.007
INFO:root:457.28536003, 895.38363434, 89.53697414, -99.13328608, 270.13031161, 0.007
INFO:root:433.75659257, 814.89790918, 91.79283487, -97.49437485, 245.95282847, 0.007
INFO:root:419.19739235, 767.72686301, 95.26702555, -93.61229904, 232.09689001, 0.007
INFO:root:410.56977546, 741.71460700, 96.69417149, -91.36121328, 223.95915310, 0.007
INFO:root:408.63761175, 736.10709959, 99.84671380, -87.95875891, 222.30303275, 0.007
INFO:root:412.31384565, 753.81352904, 101.28124402, -84.88853363, 227.76781974, 0.007
INFO:root:478.28896901, 1083.82814988, 101.82778481, -51.31272743, 283.00548597, 0.007
INFO:root:331.77481566, 665.71871851, 102.48312310, -29.57606848, 200.72769010, 0.007
INFO:root:321.92242455, 653.81005198, 97.47654865, -28.30285182, 197.37295678, 0.007
INFO:root:314.42461904, 643.79626698, 94.03116705, -27.25456469, 193.68952378, 0.007
INFO:root:302.85193899, 613.01368509, 91.12573378, -27.82209358, 184.53415520, 0.007
INFO:root:297.76720781, 604.33919063, 88.59603027, -27.86941352, 181.80211771, 0.007
INFO:root:288.52974719, 580.20992206, 86.30481137, -28.16195410, 174.57788397, 0.007
INFO:root:286.13309755, 576.84183381, 83.65851326, -29.42202748, 173.51240083, 0.007
INFO:root:284.21865191, 572.38007350, 81.87166984, -30.63295291, 171.93131854, 0.007
INFO:root:280.39676935, 563.03318835, 80.50789482, -30.97891091, 169.25617106, 0.007
INFO:root:283.98373732, 579.90493405, 79.66423290, -30.34801719, 173.99598568, 0.007
INFO:root:271.52147702, 537.24897290, 78.15990137, -32.18687763, 161.04461048, 0.0059499999999999996
INFO:root:263.54536379, 513.94725882, 77.51767016, -31.84350964, 154.08848193, 0.0059499999999999996
INFO:root:264.10203228, 518.28356487, 75.87559072, -32.74136641, 155.21508740, 0.0059499999999999996
INFO:root:269.44941884, 537.08984958, 74.20540689, -34.11705132, 161.10381886, 0.0059499999999999996
INFO:root:257.44523882, 499.72280689, 73.55670793, -33.97168249, 149.55532370, 0.0059499999999999996
INFO:root:258.85707736, 500.11170464, 72.65866045, -36.16489923, 149.68813290, 0.0059499999999999996
INFO:root:256.27477040, 497.57793140, 71.89807435, -35.10331089, 148.95494964, 0.0059499999999999996
