INFO:root:Namespace(K=7, a_dim=2, alpha='rnn', batch_size=128, clip=150, dataset='MovingMNIST', device=device(type='cuda'), epochs=90, initial_epochs=10, learning_rate=0.007, lstm_layers=1, model='KVAE', save_every=10, scale=2.0, scheduler_step=20, subdirectory='v1', wandb_on='True', x_dim=1, z_dim=5)
INFO:root:Starting KVAE training for 90 epochs.
INFO:root:Train Loss, Reconstruction Loss, log q(a), ELBO_KF, MSE
INFO:root:17250.13570718, 8088.00105221, 5.53446836, -1068.59916173, 2249.27735579, 0.007
INFO:root:11631.78622456, 5783.31850380, 24.73987003, -40.40929895, 1658.75079604, 0.007
INFO:root:11135.13851197, 5537.84718860, 25.98800815, -33.45611486, 1624.00091295, 0.007
INFO:root:10881.29810264, 5412.68516175, 29.41679283, -26.51097951, 1598.37049715, 0.007
INFO:root:10747.08035258, 5346.35000825, 31.14304156, -23.23726279, 1583.00645253, 0.007
INFO:root:10655.82187182, 5300.53387709, 32.10106482, -22.65305029, 1574.05984884, 0.007
INFO:root:10611.71029060, 5278.36655480, 32.26320361, -22.71399053, 1570.21443800, 0.007
INFO:root:10493.08389769, 5217.05551964, 34.77914928, -24.19365782, 1560.87470084, 0.007
INFO:root:10422.77608581, 5180.85705051, 35.69431179, -25.36769013, 1556.09160087, 0.007
INFO:root:10321.42415057, 5129.03332004, 36.27360486, -27.08390794, 1547.40689302, 0.007
INFO:root:10659.71598010, 5300.80651684, 34.81943380, -23.28354172, 1588.12542467, 0.007
INFO:root:10130.39293881, 5032.51427019, 39.99695861, -25.36745190, 1531.49456357, 0.007
INFO:root:10071.93601199, 5001.34295224, 39.99844699, -29.25166175, 1525.03628583, 0.007
INFO:root:10021.06890659, 4975.25630639, 40.67927874, -29.87703269, 1519.99965442, 0.007
INFO:root:10042.64759204, 4981.85093667, 40.20552874, -38.74018667, 1520.76685086, 0.007
INFO:root:9982.05427965, 4951.94346941, 41.54723294, -36.62010822, 1515.16585573, 0.007
INFO:root:9982.17818066, 4953.51277784, 40.28031599, -34.87235154, 1515.10562349, 0.007
INFO:root:9939.66629303, 4930.64078318, 41.71139134, -36.67328027, 1510.24223220, 0.007
INFO:root:9909.27087426, 4918.04974279, 41.25612565, -31.91529547, 1507.32391443, 0.007
INFO:root:9895.67067445, 4911.14334149, 41.80052416, -31.58348530, 1506.22946812, 0.007
INFO:root:9892.55715797, 4909.04086433, 41.96796863, -32.50747707, 1505.60029710, 0.007
INFO:root:9856.09590479, 4890.22314453, 41.88559755, -33.76402484, 1501.91029379, 0.0059499999999999996
INFO:root:9856.83722615, 4889.96725765, 41.98085097, -34.92188449, 1501.91433071, 0.0059499999999999996
INFO:root:9824.33757361, 4873.47449246, 42.92961475, -34.45898371, 1498.67649304, 0.0059499999999999996
INFO:root:9833.93472101, 4878.25049516, 43.02329324, -34.41044449, 1499.58690375, 0.0059499999999999996
INFO:root:9794.64407921, 4859.26097601, 42.82590060, -33.29623040, 1495.84620516, 0.0059499999999999996
INFO:root:9776.90257799, 4850.75782625, 43.59540547, -31.79152496, 1493.91012014, 0.0059499999999999996
INFO:root:9770.76579663, 4847.74465642, 43.88631762, -31.39020519, 1493.62512035, 0.0059499999999999996
INFO:root:9759.88958014, 4842.43163375, 43.22371163, -31.80259731, 1493.06540218, 0.0059499999999999996
INFO:root:9749.99968831, 4836.84798636, 44.24914142, -32.05458213, 1491.82091597, 0.0059499999999999996
INFO:root:9725.87236528, 4824.79108440, 44.08246854, -32.20772510, 1489.52186778, 0.0059499999999999996
INFO:root:9772.89348801, 4845.80110448, 43.38802407, -37.90321238, 1493.64947596, 0.0059499999999999996
INFO:root:9717.29576984, 4813.07993370, 44.15523465, -46.98064275, 1486.70166703, 0.0059499999999999996
INFO:root:9736.77213365, 4820.10141808, 44.05733538, -52.51198290, 1488.74031518, 0.0059499999999999996
INFO:root:9703.17506315, 4798.99835635, 44.54848824, -60.62990745, 1484.79640047, 0.0059499999999999996
INFO:root:9717.77611645, 4812.87370021, 44.32848503, -47.70019215, 1487.15558807, 0.0059499999999999996
INFO:root:9772.53866252, 4813.44468667, 44.45532194, -101.19400473, 1487.31796566, 0.0059499999999999996
INFO:root:9740.05189633, 4785.77479919, 44.97578629, -123.52656072, 1481.98354114, 0.0059499999999999996
INFO:root:9741.43176616, 4811.79133198, 44.50331615, -73.34580115, 1487.40473702, 0.0059499999999999996
INFO:root:9674.28910081, 4795.70338633, 44.20765009, -38.67466419, 1483.83881389, 0.0059499999999999996
INFO:root:9675.55069425, 4795.02462726, 44.69331532, -40.80814913, 1483.59881850, 0.0059499999999999996
INFO:root:9646.56413205, 4779.40974362, 45.26441171, -42.48023020, 1480.34432768, 0.0050574999999999995
INFO:root:9652.62217834, 4783.20815911, 45.39889295, -40.80698248, 1481.40318621, 0.0050574999999999995
INFO:root:9627.82939460, 4770.55864189, 45.93607293, -40.77604128, 1478.96585986, 0.0050574999999999995
INFO:root:9629.91343775, 4770.77460662, 45.76175314, -42.60247824, 1478.47703015, 0.0050574999999999995
INFO:root:9641.86242677, 4775.68613144, 45.42546447, -45.06465774, 1480.05641884, 0.0050574999999999995
INFO:root:9610.45847407, 4757.67787880, 46.25599901, -48.84673331, 1475.74957189, 0.0050574999999999995
INFO:root:9609.95148762, 4759.43730744, 46.30940585, -44.76746749, 1476.24318469, 0.0050574999999999995
INFO:root:9603.57814577, 4754.75426386, 46.09710962, -47.97251197, 1475.61979396, 0.0050574999999999995
INFO:root:9593.58696710, 4751.30503136, 45.95829891, -45.01858022, 1474.56142200, 0.0050574999999999995
INFO:root:9653.49583491, 4757.90949604, 46.07693777, -91.59988696, 1476.02889972, 0.0050574999999999995
INFO:root:9601.53064633, 4757.59399758, 46.13913281, -40.20351164, 1476.17213290, 0.0050574999999999995
INFO:root:9607.50364582, 4761.47736713, 46.23775385, -38.31113922, 1477.18090133, 0.0050574999999999995
INFO:root:9612.38243740, 4761.66844328, 46.18732775, -42.85829842, 1477.05312981, 0.0050574999999999995
INFO:root:9601.69882347, 4755.13409166, 45.88899333, -45.54163817, 1475.65990523, 0.0050574999999999995
INFO:root:9580.41595019, 4746.91761114, 46.26068336, -40.32004075, 1474.03839197, 0.0050574999999999995
INFO:root:9586.98903091, 4747.25259270, 46.66625036, -45.81766482, 1474.21140515, 0.0050574999999999995
INFO:root:9575.28254489, 4744.78660046, 46.44267740, -39.26671357, 1473.43922274, 0.0050574999999999995
INFO:root:9573.04827783, 4740.76984072, 46.62802737, -44.88055666, 1472.78555169, 0.0050574999999999995
INFO:root:9588.50028057, 4749.14944157, 46.79136658, -43.41003795, 1474.87720242, 0.0050574999999999995
INFO:root:9574.50153669, 4741.38796352, 46.51691399, -45.20873299, 1472.91424647, 0.0050574999999999995
INFO:root:9568.87443859, 4739.59638397, 46.79084504, -42.89083384, 1472.88440113, 0.004298875
INFO:root:9563.68966699, 4736.08965119, 46.85976539, -44.65059074, 1471.81361583, 0.004298875
INFO:root:9602.12200039, 4752.71650116, 46.98730302, -49.70166588, 1475.01296352, 0.004298875
INFO:root:9568.99738867, 4734.87002778, 47.00664966, -52.25068973, 1471.71237827, 0.004298875
INFO:root:9529.92423626, 4721.96029792, 47.08040716, -38.92321844, 1468.74579459, 0.004298875
INFO:root:9559.11580638, 4730.99722849, 46.99887735, -50.12244975, 1471.19442706, 0.004298875
INFO:root:9541.38667813, 4724.86433346, 47.00396933, -44.65406369, 1469.52678154, 0.004298875
INFO:root:9552.98135073, 4728.44995461, 47.47586312, -48.60556673, 1470.45421332, 0.004298875
INFO:root:9545.69627319, 4722.57630942, 47.29997329, -53.24375339, 1468.79240482, 0.004298875
INFO:root:9523.36097853, 4718.04354643, 47.49993644, -39.77396819, 1468.04188731, 0.004298875
INFO:root:9530.31988898, 4715.84889415, 47.72618753, -50.89593706, 1467.69898664, 0.004298875
INFO:root:9548.52914042, 4723.01112043, 47.59264191, -54.91420864, 1469.58163065, 0.004298875
INFO:root:9542.25800545, 4722.72138397, 47.28871101, -49.52654638, 1469.22315141, 0.004298875
INFO:root:9540.80023524, 4719.43014140, 47.62568901, -54.31427849, 1468.71971453, 0.004298875
INFO:root:9555.52586354, 4723.90206178, 47.47006655, -60.25164204, 1469.34651120, 0.004298875
INFO:root:9546.35227535, 4725.44851040, 46.93037710, -48.52489309, 1469.96181434, 0.004298875
INFO:root:9539.90770906, 4720.60555128, 47.52593645, -51.17067946, 1468.53954562, 0.004298875
INFO:root:9549.21369819, 4714.74317782, 47.50096517, -72.22640726, 1467.27419743, 0.004298875
INFO:root:9508.14993796, 4709.58882592, 47.68289464, -41.28942135, 1466.61315058, 0.004298875
INFO:root:9526.43678486, 4716.28411779, 47.45403268, -46.41453024, 1467.78050039, 0.004298875
INFO:root:9525.02553264, 4709.30206729, 47.73570472, -58.68571640, 1466.18927432, 0.0036540437499999997
INFO:root:9518.62897032, 4704.00944927, 47.88936448, -62.72067091, 1465.10857381, 0.0036540437499999997
INFO:root:9500.40457454, 4698.49941544, 47.98223909, -55.42350060, 1464.31170912, 0.0036540437499999997
INFO:root:9497.20535837, 4699.50647145, 47.84466246, -50.34774393, 1464.39396904, 0.0036540437499999997
INFO:root:9518.07988914, 4701.56127586, 48.11829860, -66.83910459, 1464.64281367, 0.0036540437499999997
INFO:root:9491.07936792, 4699.75652646, 47.73809207, -43.82825381, 1464.78714892, 0.0036540437499999997
INFO:root:9510.53897958, 4695.98478075, 48.10095935, -70.46846076, 1463.91256499, 0.0036540437499999997
INFO:root:9492.28482123, 4697.53620846, 47.96436557, -49.24804197, 1464.07074233, 0.0036540437499999997
INFO:root:9498.65439917, 4694.72507702, 48.06824090, -61.13599578, 1463.76566111, 0.0036540437499999997
INFO:root:Finished training.
INFO:root:Saved model. Final Checkpoint saves/MovingMNIST/kvae/v1/scale=2.0/scheduler_step=20/kvae_state_dict_scale=2.0_89.pth
