INFO:root:Namespace(K=7, a_dim=2, alpha='rnn', batch_size=32, clip=150, dataset='BouncingBall_50', device=device(type='cuda'), epochs=100, initial_epochs=10, learning_rate=0.007, lstm_layers=3, model='KVAE_mod', save_every=10, scale=0.3, scheduler_step=20, subdirectory='bonus', train_reconstruction=False, wandb_on='True', x_dim=1, z_dim=5)
INFO:root:Starting KVAE training for 100 epochs.
INFO:root:Train Loss, Reconstruction Loss, log q(a), ELBO_KF, MSE
INFO:root:1783.11862066, 5568.30908825, 84.83959035, -27.78623101, 1623.06068780, 0.007
INFO:root:466.07255039, 1127.73297430, 105.73546795, -22.01717454, 337.70143244, 0.007
INFO:root:381.43040048, 831.06206226, 104.13339442, -27.97837562, 250.47883713, 0.007
INFO:root:373.94648986, 810.21782436, 100.34804409, -30.53308746, 244.10136209, 0.007
INFO:root:338.10001990, 688.60343126, 99.38014493, -32.13883796, 207.55869774, 0.007
INFO:root:357.35407252, 762.98418218, 96.65298501, -31.80582272, 227.78949091, 0.007
INFO:root:324.70673949, 653.31228852, 95.63349934, -33.07954718, 197.00245667, 0.007
INFO:root:314.17633854, 617.93089576, 94.48029084, -34.31677085, 186.34634681, 0.007
INFO:root:307.40524797, 598.25444235, 92.07483459, -35.85407557, 180.51451694, 0.007
INFO:root:307.85593487, 603.62255509, 90.46914469, -36.30001850, 182.03907611, 0.007
INFO:root:392.04298236, 932.02330066, 89.67361487, -22.76236802, 238.60806041, 0.007
INFO:root:264.99837470, 528.10461154, 92.18177669, -14.38520934, 158.28609695, 0.007
INFO:root:245.84028499, 490.59507975, 89.65731603, -9.00443961, 146.96041695, 0.007
INFO:root:237.42979344, 477.63011957, 86.49551537, -7.64523567, 143.02196600, 0.007
INFO:root:236.23176507, 484.08208626, 83.81681192, -7.19031991, 144.79767818, 0.007
INFO:root:237.72733875, 493.46978682, 81.89359444, -7.79280208, 147.82730141, 0.007
INFO:root:227.15980433, 464.09138596, 80.57264753, -7.35973626, 138.79677669, 0.007
INFO:root:217.85714790, 442.01023272, 78.37292680, -6.88114512, 132.13707733, 0.007
INFO:root:219.02497903, 447.09116864, 76.61387892, -8.28374384, 133.53987539, 0.007
INFO:root:216.03326620, 440.39507843, 75.70193277, -8.21280477, 131.59422783, 0.007
INFO:root:213.80137109, 434.66260718, 74.42488283, -8.97770115, 129.81546866, 0.007
INFO:root:201.96208560, 403.56772298, 73.92844410, -6.96331900, 120.31645548, 0.0059499999999999996
INFO:root:203.65570525, 408.96696676, 72.41612982, -8.54948074, 121.92898443, 0.0059499999999999996
INFO:root:196.58762413, 391.75417352, 71.33576227, -7.72560467, 116.79840516, 0.0059499999999999996
INFO:root:197.60906827, 392.49019492, 70.39452462, -9.46748154, 116.96535380, 0.0059499999999999996
INFO:root:199.41677924, 403.13143085, 68.94895177, -9.52839403, 120.22446631, 0.0059499999999999996
INFO:root:192.87259339, 382.06479290, 68.93374546, -9.31940530, 113.83583346, 0.0059499999999999996
INFO:root:193.34741191, 385.63414555, 67.62729684, -10.02986640, 114.92097415, 0.0059499999999999996
INFO:root:194.56245452, 389.51379297, 66.58461237, -11.12369924, 115.99011216, 0.0059499999999999996
INFO:root:194.18304793, 392.32437503, 66.29853556, -10.18719528, 116.74928298, 0.0059499999999999996
INFO:root:187.79544106, 373.34819643, 66.63248099, -9.15849690, 111.14232738, 0.0059499999999999996
INFO:root:190.08514365, 379.10744151, 64.83416306, -11.51874372, 112.99520446, 0.0059499999999999996
INFO:root:186.27497912, 369.62729387, 64.70976447, -10.67702317, 110.01255235, 0.0059499999999999996
INFO:root:188.96651707, 378.08655990, 63.68361520, -11.85693030, 112.54587317, 0.0059499999999999996
INFO:root:184.36979675, 368.01585145, 64.16793352, -9.79710375, 109.59358857, 0.0059499999999999996
INFO:root:188.25724627, 381.06622800, 63.15074503, -10.78662726, 113.44290171, 0.0059499999999999996
INFO:root:184.22202354, 368.61531426, 63.49525534, -10.14216918, 109.75609987, 0.0059499999999999996
INFO:root:184.51629279, 372.63419046, 62.34919729, -10.37683399, 110.87171892, 0.0059499999999999996
INFO:root:181.87562707, 362.00362226, 62.56927604, -10.70526025, 107.70963385, 0.0059499999999999996
INFO:root:181.76711006, 364.30377100, 61.62041554, -10.85555859, 108.45197918, 0.0059499999999999996
INFO:root:182.58763735, 365.67375173, 61.09153118, -11.79397574, 108.79829008, 0.0059499999999999996
INFO:root:180.81156688, 363.19684207, 61.65117820, -10.20133075, 107.98120982, 0.0050574999999999995
INFO:root:175.57701218, 342.38339836, 61.93217267, -10.92981545, 101.64914684, 0.0050574999999999995
INFO:root:172.36094481, 336.11472335, 61.72777108, -9.79875255, 99.78125000, 0.0050574999999999995
INFO:root:172.26125418, 337.51087514, 60.89524781, -10.11273966, 100.27205789, 0.0050574999999999995
INFO:root:171.97095572, 337.17032502, 60.26088285, -10.55897125, 100.09691236, 0.0050574999999999995
INFO:root:172.24548554, 337.59844776, 59.81470927, -11.15123586, 100.28359047, 0.0050574999999999995
INFO:root:170.67696317, 335.10466868, 59.46961598, -10.67594153, 99.52333458, 0.0050574999999999995
INFO:root:169.99200585, 333.25002430, 59.42445991, -10.59253428, 98.97625072, 0.0050574999999999995
INFO:root:170.81800191, 339.37288593, 58.66821945, -10.33791211, 100.74983658, 0.0050574999999999995
INFO:root:170.25657615, 332.97841494, 59.27459002, -11.08845714, 98.87719420, 0.0050574999999999995
INFO:root:168.62735530, 331.00154065, 59.14425618, -10.18263232, 98.22975907, 0.0050574999999999995
INFO:root:171.70726353, 341.15360702, 58.48751165, -10.87366623, 101.35828259, 0.0050574999999999995
INFO:root:166.37217567, 326.12909733, 58.92645891, -9.60698330, 96.77638050, 0.0050574999999999995
INFO:root:165.14989680, 320.86332557, 58.70292350, -10.18797163, 95.16479332, 0.0050574999999999995
INFO:root:166.12368842, 324.98754086, 58.05115886, -10.57626420, 96.43623746, 0.0050574999999999995
INFO:root:169.54296204, 330.61253269, 57.46328220, -12.89591667, 98.00660307, 0.0050574999999999995
INFO:root:165.27675167, 325.33737552, 57.69673103, -9.97880422, 96.56463429, 0.0050574999999999995
INFO:root:166.38038091, 326.33093612, 57.22653276, -11.25456240, 96.86220206, 0.0050574999999999995
INFO:root:166.30660117, 328.30708439, 56.95547828, -10.85899429, 97.43660211, 0.0050574999999999995
INFO:root:163.77188625, 319.62033295, 57.43250131, -10.45328124, 94.77974827, 0.0050574999999999995
INFO:root:162.03339158, 311.56644182, 57.38396362, -11.17949228, 92.20973415, 0.004298875
INFO:root:161.02654884, 311.79627145, 57.57166055, -9.91600207, 92.30298522, 0.004298875
INFO:root:162.45413723, 318.63332450, 56.91341184, -9.95072392, 94.47247766, 0.004298875
INFO:root:158.71017194, 306.49678185, 57.14170376, -9.61943028, 90.73068631, 0.004298875
INFO:root:158.39737920, 306.12408700, 56.96704136, -9.59310860, 90.61739077, 0.004298875
INFO:root:157.42915918, 304.64102309, 56.86449350, -9.17235640, 90.18989033, 0.004298875
INFO:root:157.09776364, 302.43751905, 56.47066925, -9.89583572, 89.50189612, 0.004298875
INFO:root:158.61424576, 306.04753842, 55.88777834, -10.91220268, 90.57793786, 0.004298875
INFO:root:159.12823059, 308.08738660, 55.94911060, -10.75290023, 91.19083006, 0.004298875
INFO:root:157.63133978, 304.10556924, 56.07153585, -10.32813025, 89.99192334, 0.004298875
INFO:root:164.10355042, 328.70066163, 54.97549081, -10.51785716, 97.60393043, 0.004298875
INFO:root:156.49512069, 301.54677451, 56.11800083, -9.91308398, 89.24682505, 0.004298875
INFO:root:156.71212273, 301.25616844, 55.75766732, -10.57760131, 89.09734067, 0.004298875
INFO:root:154.97432257, 297.44576754, 55.70295105, -10.03763831, 87.99147452, 0.004298875
INFO:root:156.23780939, 301.79997127, 55.12494791, -10.57286666, 89.27425166, 0.004298875
INFO:root:157.68071363, 306.36247613, 54.68285525, -11.08911224, 90.63414949, 0.004298875
INFO:root:156.50215324, 304.38697786, 54.86149196, -10.32456560, 90.10983272, 0.004298875
INFO:root:157.15731530, 304.83568403, 54.70785778, -10.99874848, 90.23362270, 0.004298875
INFO:root:154.72285675, 297.48815821, 55.04784665, -10.42855972, 87.94556369, 0.004298875
INFO:root:156.25912058, 304.20634742, 54.63192358, -10.36528935, 90.05285581, 0.004298875
INFO:root:158.77386212, 314.06286427, 53.93277080, -10.62222828, 93.25895973, 0.0036540437499999997
INFO:root:151.44022850, 287.63239789, 55.03466245, -10.11584335, 84.90828705, 0.0036540437499999997
INFO:root:151.12635910, 287.47135624, 54.67947473, -10.20547417, 84.94275826, 0.0036540437499999997
INFO:root:150.92753504, 287.63824696, 54.74992597, -9.88613211, 84.93646969, 0.0036540437499999997
INFO:root:150.51776298, 283.82716749, 54.61150180, -10.75810827, 83.78241754, 0.0036540437499999997
INFO:root:150.30448846, 285.06842867, 54.40219128, -10.38176553, 84.16276176, 0.0036540437499999997
INFO:root:149.70820569, 283.91330695, 54.35050282, -10.18370870, 83.87342315, 0.0036540437499999997
INFO:root:149.10337227, 281.52051306, 54.26229149, -10.38492308, 83.11613003, 0.0036540437499999997
INFO:root:149.75516048, 283.18482923, 54.13429010, -10.66541892, 83.56464668, 0.0036540437499999997
INFO:root:149.71420706, 285.06181598, 53.57217767, -10.62348156, 84.18900377, 0.0036540437499999997
INFO:root:148.89118578, 281.41295706, 53.61867681, -10.84861878, 83.11982222, 0.0036540437499999997
INFO:root:148.19437122, 279.52928405, 53.43474100, -10.90084051, 82.50826968, 0.0036540437499999997
INFO:root:149.37753461, 282.56908635, 53.24482489, -11.36198135, 83.44907462, 0.0036540437499999997
INFO:root:148.37833779, 280.71464607, 53.02438532, -11.13955704, 82.89446181, 0.0036540437499999997
INFO:root:148.39684038, 281.82538940, 53.19995763, -10.64926312, 83.19277230, 0.0036540437499999997
INFO:root:148.09868811, 280.55149948, 52.86645117, -11.06678370, 82.80282078, 0.0036540437499999997
INFO:root:147.80649795, 278.53465339, 52.95742948, -11.28866957, 82.18421640, 0.0036540437499999997
INFO:root:147.27160693, 279.02128523, 52.83191771, -10.73330099, 82.37476723, 0.0036540437499999997
INFO:root:148.63237826, 281.06592633, 52.45960265, -11.85299390, 82.92716465, 0.0036540437499999997
INFO:root:Finished training.
INFO:root:Saved model. Final Checkpoint saves/BouncingBall_50/kvae_mod/bonus/scale=0.3/scheduler_step=20/kvae_state_dict_scale=0.3_99.pth
