INFO:root:Namespace(K=7, a_dim=2, alpha='rnn', batch_size=32, clip=150, dataset='BouncingBall_50', device=device(type='cuda'), epochs=100, initial_epochs=10, learning_rate=0.007, lstm_layers=1, model='KVAE', save_every=10, scale=0.3, scheduler_step=20, subdirectory='v1/bonus', train_reconstruction=False, wandb_on='True', x_dim=1, z_dim=5)
INFO:root:Starting KVAE training for 100 epochs.
INFO:root:Train Loss, Reconstruction Loss, log q(a), ELBO_KF, MSE
INFO:root:3191.27463854, 7238.47340422, 89.04107326, -930.69145112, 2089.59855837, 0.007
INFO:root:559.72828877, 1214.25428996, 144.06009893, -51.39188846, 367.07203723, 0.007
INFO:root:466.63731618, 955.82357419, 140.28652682, -39.60370602, 288.07176529, 0.007
INFO:root:414.24222111, 795.95640146, 134.98593383, -40.46935781, 239.78080895, 0.007
INFO:root:399.61855916, 757.46086713, 129.40631983, -42.97396979, 228.42055769, 0.007
INFO:root:372.77386273, 666.10977192, 125.06833192, -47.87259215, 200.56261060, 0.007
INFO:root:361.51655287, 638.97536396, 118.97991525, -50.84402106, 192.52832556, 0.007
INFO:root:367.03970147, 663.95924173, 111.79783188, -56.05408749, 200.08420830, 0.007
INFO:root:366.40995024, 666.64343806, 107.06009106, -59.35681914, 200.70788535, 0.007
INFO:root:355.36062954, 632.93523081, 105.59066539, -59.88938721, 190.50598650, 0.007
INFO:root:431.05320965, 921.91021884, 100.19877151, -54.28136373, 244.62727084, 0.007
INFO:root:344.98361069, 564.51131016, 103.91231799, -71.71789316, 169.65139226, 0.007
INFO:root:339.35015883, 536.16715586, 101.52235272, -76.97765263, 160.99499210, 0.007
INFO:root:350.98320212, 561.29210298, 97.46507467, -85.13049016, 168.37557983, 0.007
INFO:root:337.66738077, 505.71873270, 95.77661833, -90.17513622, 151.58732799, 0.007
INFO:root:338.57898611, 539.85880761, 94.50225009, -82.11908728, 161.75871909, 0.007
INFO:root:331.75726693, 515.35747844, 93.90406143, -83.24595531, 154.57245417, 0.007
INFO:root:354.25884281, 577.40234939, 90.62578972, -90.41234108, 173.41619718, 0.007
INFO:root:349.00424228, 475.61585931, 94.26533630, -112.05414124, 142.37356334, 0.007
INFO:root:344.58140092, 528.02692545, 92.93356833, -93.23974847, 158.15337221, 0.007
INFO:root:329.17148666, 481.01624643, 91.87860360, -92.98800303, 144.13859524, 0.007
INFO:root:328.88889804, 462.67618867, 92.27680245, -97.80923375, 138.41548298, 0.0059499999999999996
INFO:root:342.03753031, 511.47070293, 88.83486482, -99.76144915, 153.52967315, 0.0059499999999999996
INFO:root:316.67265301, 460.11589002, 88.20358791, -90.43429226, 137.59594989, 0.0059499999999999996
INFO:root:343.90957527, 458.70724176, 84.75195696, -121.54543982, 137.16908201, 0.0059499999999999996
INFO:root:374.77447338, 443.17685870, 84.87911195, -156.94229761, 132.45406672, 0.0059499999999999996
INFO:root:392.76409707, 445.46313360, 87.08515624, -172.03999513, 133.17999958, 0.0059499999999999996
INFO:root:331.81374202, 508.72590355, 86.05761174, -93.13835274, 152.22958748, 0.0059499999999999996
INFO:root:318.88332996, 503.04606016, 82.67239739, -85.29710798, 151.04018708, 0.0059499999999999996
INFO:root:344.49601472, 457.67271977, 86.11351344, -121.08068020, 137.01724331, 0.0059499999999999996
INFO:root:308.53562656, 443.02292220, 87.09572645, -88.53301721, 132.54975293, 0.0059499999999999996
INFO:root:321.55034911, 451.48156077, 86.78268224, -99.32319307, 135.19139371, 0.0059499999999999996
INFO:root:319.63222732, 434.06910949, 87.10151750, -102.30997180, 129.80862271, 0.0059499999999999996
INFO:root:325.39486294, 500.18472970, 85.33108516, -90.00835285, 150.27016464, 0.0059499999999999996
INFO:root:322.51952301, 500.22546464, 79.98653703, -92.46533982, 150.41635069, 0.0059499999999999996
INFO:root:327.25552666, 457.47958257, 80.38863893, -109.62300680, 136.92498123, 0.0059499999999999996
INFO:root:345.72692429, 514.43365964, 77.88762480, -113.50919546, 154.74403629, 0.0059499999999999996
INFO:root:321.06644211, 425.44095782, 80.01883654, -113.41531333, 126.99969895, 0.0059499999999999996
INFO:root:334.03720221, 431.02276767, 78.16223281, -126.56813333, 128.69265407, 0.0059499999999999996
INFO:root:353.09418377, 433.45657115, 79.21689168, -143.84031600, 129.38611554, 0.0059499999999999996
INFO:root:316.20392029, 424.32964291, 82.33219229, -106.57282990, 126.82499719, 0.0059499999999999996
INFO:root:322.35399425, 476.97947314, 81.98374575, -97.27640039, 143.46406784, 0.0050574999999999995
INFO:root:311.38921674, 476.86727730, 81.72113392, -86.60789327, 143.07604086, 0.0050574999999999995
INFO:root:306.84809258, 453.67104403, 81.89624772, -88.85052563, 135.96302727, 0.0050574999999999995
INFO:root:303.57722220, 447.52885077, 82.14572673, -87.17283503, 133.95857467, 0.0050574999999999995
INFO:root:289.54017900, 412.19840741, 82.38860214, -83.49204938, 122.95698057, 0.0050574999999999995
INFO:root:302.96353301, 437.50620382, 81.59173769, -90.11992938, 130.77708212, 0.0050574999999999995
INFO:root:286.92746014, 409.57958576, 81.89487370, -82.15870631, 122.10012156, 0.0050574999999999995
INFO:root:288.32191331, 423.08578511, 79.63152940, -81.76464250, 126.32620740, 0.0050574999999999995
INFO:root:287.61071258, 398.56045338, 79.96950094, -88.07307099, 118.86673819, 0.0050574999999999995
INFO:root:299.01095190, 455.60218937, 77.12202444, -85.20826476, 136.39523971, 0.0050574999999999995
INFO:root:284.82581262, 415.69180687, 78.19857497, -81.91969130, 124.10307317, 0.0050574999999999995
INFO:root:286.02317198, 404.30757637, 78.67156599, -86.05932783, 120.61777219, 0.0050574999999999995
INFO:root:295.98219752, 439.23215383, 77.02072265, -87.19182344, 131.74136581, 0.0050574999999999995
INFO:root:305.27039973, 448.55087844, 75.84956136, -94.85556972, 134.35022784, 0.0050574999999999995
INFO:root:309.31478770, 417.44936628, 78.46393634, -105.61603692, 124.57492590, 0.0050574999999999995
INFO:root:288.57833743, 434.67316160, 77.33435472, -80.84202923, 129.94727894, 0.0050574999999999995
INFO:root:275.39623515, 412.70133593, 75.07076030, -76.51506943, 123.17624567, 0.0050574999999999995
INFO:root:282.82313114, 430.37204951, 74.76741995, -78.94409028, 128.63542132, 0.0050574999999999995
INFO:root:277.11187219, 398.22332181, 75.68444270, -81.96042822, 118.72169451, 0.0050574999999999995
INFO:root:292.57009361, 434.92438327, 72.98503497, -89.10773879, 130.33512942, 0.0050574999999999995
INFO:root:282.32447485, 382.30192459, 74.65603813, -92.97785435, 113.79036703, 0.004298875
INFO:root:280.43995402, 389.17535420, 75.01129155, -88.67605113, 115.99107963, 0.004298875
INFO:root:287.10722336, 398.93749572, 71.94248195, -95.48348839, 119.10504675, 0.004298875
INFO:root:295.26694302, 398.31328354, 71.23595093, -104.53700288, 118.78880325, 0.004298875
INFO:root:289.88828701, 392.07810653, 71.76284484, -100.50200464, 116.79699367, 0.004298875
INFO:root:296.00821367, 384.43896193, 73.21725717, -107.45926289, 114.48564362, 0.004298875
INFO:root:285.66885717, 379.82892079, 72.88092760, -98.83924876, 113.11897793, 0.004298875
INFO:root:310.52971736, 401.89161459, 72.25792189, -117.70430610, 120.14851321, 0.004298875
INFO:root:297.45549587, 381.26937458, 72.43201787, -110.64266086, 113.53684448, 0.004298875
INFO:root:282.92863294, 395.71100398, 70.77180185, -93.44352571, 117.99098954, 0.004298875
INFO:root:262.60820772, 380.16430975, 69.18118981, -79.37772070, 113.22344232, 0.004298875
INFO:root:258.38041513, 374.95888058, 68.52943437, -77.36331168, 111.63324757, 0.004298875
INFO:root:264.84166705, 376.24778388, 68.99774564, -82.96958148, 112.06450784, 0.004298875
INFO:root:298.69840256, 410.86428716, 69.34633411, -106.09277753, 122.85884031, 0.004298875
INFO:root:266.40469148, 400.67597038, 68.14820510, -78.05369045, 119.66102673, 0.004298875
INFO:root:268.36512906, 376.38896597, 69.64573407, -85.80270117, 112.06584551, 0.004298875
INFO:root:301.75453575, 372.73302484, 70.75306318, -119.18156064, 110.98790673, 0.004298875
INFO:root:293.83525716, 386.16733779, 73.45776197, -104.52728960, 115.16211676, 0.004298875
INFO:root:285.82309246, 402.99609842, 71.37538271, -93.54887540, 120.30303994, 0.004298875
INFO:root:302.96101241, 403.97148725, 71.12444655, -110.64511495, 120.89156730, 0.004298875
INFO:root:293.33284329, 374.38596125, 71.41146972, -109.60558083, 111.39814637, 0.0036540437499999997
INFO:root:287.15506334, 369.10421209, 71.40123302, -105.02256127, 109.81511066, 0.0036540437499999997
INFO:root:282.62082950, 388.00212068, 69.64016072, -96.58002818, 115.71218435, 0.0036540437499999997
INFO:root:271.99355535, 378.88546539, 68.25067421, -90.07723669, 112.91409992, 0.0036540437499999997
INFO:root:277.27774102, 376.94238670, 66.51067153, -97.68434994, 112.28261979, 0.0036540437499999997
INFO:root:263.33791911, 370.11111431, 67.51929403, -84.78528620, 110.17366135, 0.0036540437499999997
INFO:root:272.29103102, 368.27628866, 69.65655114, -92.15158891, 109.59101119, 0.0036540437499999997
INFO:root:272.94000858, 368.08183493, 69.59930294, -92.91615103, 109.53523585, 0.0036540437499999997
INFO:root:269.48870144, 374.51428631, 69.59272343, -87.54168782, 111.63049559, 0.0036540437499999997
INFO:root:269.49721690, 366.79961906, 69.96689591, -89.49043062, 109.15144290, 0.0036540437499999997
INFO:root:265.05599318, 364.39779916, 69.45510004, -86.28154869, 108.45249234, 0.0036540437499999997
INFO:root:266.17172562, 360.93470735, 70.23581764, -87.65549134, 107.38594570, 0.0036540437499999997
INFO:root:261.24833123, 365.30033962, 69.35644614, -82.30177878, 108.75601852, 0.0036540437499999997
INFO:root:253.16497540, 371.47508502, 67.10943003, -74.61301544, 110.64915933, 0.0036540437499999997
INFO:root:256.46564617, 371.51040222, 66.17512201, -78.83739887, 110.63597330, 0.0036540437499999997
INFO:root:264.61421426, 366.96800378, 67.53799779, -86.98581058, 109.26371702, 0.0036540437499999997
INFO:root:262.05843350, 378.70250959, 66.21323706, -82.23443878, 112.87462942, 0.0036540437499999997
INFO:root:254.26623870, 363.50575655, 65.97115382, -79.24335334, 108.20607262, 0.0036540437499999997
INFO:root:250.68934680, 369.03593668, 64.73286013, -75.24570022, 109.89445748, 0.0036540437499999997
INFO:root:Finished training.
INFO:root:Saved model. Final Checkpoint saves/BouncingBall_50/kvae/v1/bonus/scale=0.3/scheduler_step=20/kvae_state_dict_scale=0.3_99.pth
