INFO:root:Namespace(K=7, a_dim=2, alpha='rnn', batch_size=32, clip=150, dataset='BouncingBall_50', device=device(type='cuda'), epochs=90, initial_epochs=10, learning_rate=0.007, lstm_layers=3, model='KVAE', save_every=10, scale=0.3, scheduler_step=20, subdirectory='v3', train_reconstruction=False, wandb_on='True', x_dim=1, z_dim=5)
INFO:root:Starting KVAE training for 90 epochs.
INFO:root:Train Loss, Reconstruction Loss, log q(a), ELBO_KF, MSE
INFO:root:3068.74776487, 6578.02479038, 87.91677870, -1007.42346915, 1938.51938002, 0.007
INFO:root:702.67632250, 1702.40907550, 131.41604512, -60.53753633, 519.83108773, 0.007
INFO:root:501.83022375, 1062.19336093, 134.93385159, -48.23835087, 319.42242305, 0.007
INFO:root:449.45815757, 888.43395296, 131.75961275, -51.16834709, 266.71768655, 0.007
INFO:root:415.61088830, 774.43181207, 127.12517708, -56.15616045, 232.96098872, 0.007
INFO:root:413.69941206, 770.83427400, 122.50626995, -59.94285039, 231.83074728, 0.007
INFO:root:390.98936833, 694.65596543, 120.54128042, -62.05128966, 208.62066330, 0.007
INFO:root:390.16491179, 691.79573982, 117.41559431, -65.21058805, 208.20841300, 0.007
INFO:root:381.95144095, 668.46559094, 114.08721457, -67.32454011, 200.98321980, 0.007
INFO:root:384.95048449, 686.71801525, 111.62724829, -67.30782395, 206.52301958, 0.007
INFO:root:460.90006355, 983.54532191, 106.88663524, -58.94982139, 257.84521805, 0.007
INFO:root:347.70169433, 599.14044500, 107.12333733, -60.83621601, 179.54540559, 0.007
INFO:root:332.36955761, 570.87262682, 105.10744705, -56.00031698, 170.84331828, 0.007
INFO:root:353.10353178, 584.64744150, 105.06794078, -72.64135327, 175.08800949, 0.007
INFO:root:341.30904931, 575.40670971, 104.02837109, -64.65865723, 172.48944383, 0.007
INFO:root:330.04269365, 557.68876327, 104.34139572, -58.39466134, 166.97705943, 0.007
INFO:root:346.31729450, 550.52564079, 105.05864701, -76.10094926, 164.60398233, 0.007
INFO:root:333.82597440, 583.90749597, 106.10722234, -52.54649675, 175.11781884, 0.007
INFO:root:316.96595949, 511.55907173, 110.72127732, -52.77695518, 152.91165200, 0.007
INFO:root:310.56482917, 527.08191268, 106.07100658, -46.36924318, 157.74799614, 0.007
INFO:root:330.65840067, 508.09746712, 107.94898462, -70.28017115, 151.83103418, 0.007
INFO:root:328.10484932, 504.96991978, 114.06886442, -62.54500211, 151.04875115, 0.0059499999999999996
INFO:root:312.73851696, 515.96810835, 111.44931195, -46.49876620, 154.38089368, 0.0059499999999999996
INFO:root:305.85651550, 500.58710028, 109.83964534, -45.84073373, 149.54613529, 0.0059499999999999996
INFO:root:298.76907460, 490.66342532, 110.24601624, -41.32402480, 146.53864760, 0.0059499999999999996
INFO:root:313.34381398, 470.92807823, 111.00370891, -61.06167557, 140.53143233, 0.0059499999999999996
INFO:root:317.03401911, 463.82628073, 112.79211878, -65.09401026, 138.38803023, 0.0059499999999999996
INFO:root:310.39749169, 463.99310167, 110.59226630, -60.60728896, 138.46507453, 0.0059499999999999996
INFO:root:314.61472989, 476.64890557, 115.56598571, -56.05406707, 142.29801781, 0.0059499999999999996
INFO:root:306.61350393, 525.87220191, 109.71939519, -39.13244193, 157.08823332, 0.0059499999999999996
INFO:root:353.58875850, 506.66103640, 121.18269217, -80.40774971, 151.52492518, 0.0059499999999999996
INFO:root:298.54990504, 470.56946053, 117.34455624, -40.03450542, 140.50460155, 0.0059499999999999996
INFO:root:290.90015863, 467.39088041, 113.23270718, -37.45018180, 139.50639377, 0.0059499999999999996
INFO:root:286.65355467, 466.10144257, 111.66623994, -35.15687642, 139.01244821, 0.0059499999999999996
INFO:root:307.36551897, 472.41818160, 113.83058113, -51.80947781, 141.00383545, 0.0059499999999999996
INFO:root:279.84702603, 456.10754880, 109.56327164, -33.45148342, 136.00847806, 0.0059499999999999996
INFO:root:283.90562350, 449.61647471, 107.40318585, -41.61748974, 133.97682637, 0.0059499999999999996
INFO:root:382.65116784, 441.32119712, 114.36072443, -135.89407756, 131.35699239, 0.0059499999999999996
INFO:root:304.47765234, 477.85806099, 122.28369126, -38.83653673, 142.81548975, 0.0059499999999999996
INFO:root:279.48785531, 454.88874127, 116.50443909, -26.51678802, 135.69717568, 0.0059499999999999996
INFO:root:303.84765080, 480.81902668, 112.82779149, -46.77414523, 143.58138440, 0.0059499999999999996
INFO:root:308.88641922, 434.25226219, 115.16210738, -63.44862765, 129.25848539, 0.0050574999999999995
INFO:root:306.28422936, 426.60457635, 116.40404545, -61.89880595, 127.00195172, 0.0050574999999999995
INFO:root:307.13153372, 444.70422558, 118.28519571, -55.43506418, 132.60763768, 0.0050574999999999995
INFO:root:310.61120141, 418.77493306, 116.17334864, -68.80536805, 124.62674888, 0.0050574999999999995
INFO:root:308.93274762, 427.35505239, 116.98475885, -63.74146713, 127.29757506, 0.0050574999999999995
INFO:root:311.92994995, 426.79564574, 117.53452597, -66.35672497, 127.05545831, 0.0050574999999999995
INFO:root:317.09353596, 434.07002171, 116.42823077, -70.44429246, 129.29135593, 0.0050574999999999995
INFO:root:329.35461468, 426.39644978, 115.24171321, -86.19396111, 127.01363018, 0.0050574999999999995
INFO:root:304.02762955, 457.67758742, 113.37177286, -53.35257518, 136.46341312, 0.0050574999999999995
INFO:root:307.87953740, 429.57721958, 110.28840764, -68.71795994, 127.91881158, 0.0050574999999999995
INFO:root:297.15936134, 413.30672518, 111.13295430, -62.03438380, 123.01400640, 0.0050574999999999995
INFO:root:301.04959573, 419.14349968, 110.62052320, -64.68601834, 124.80661788, 0.0050574999999999995
INFO:root:327.82241561, 408.38024086, 112.15059710, -93.15774072, 121.43150689, 0.0050574999999999995
INFO:root:336.66801105, 413.42432146, 114.05254247, -98.58816705, 123.07189164, 0.0050574999999999995
INFO:root:327.08469937, 446.31348492, 112.28771846, -80.90293123, 132.92713816, 0.0050574999999999995
INFO:root:319.96315899, 425.67276740, 113.91681360, -78.34451064, 126.81110970, 0.0050574999999999995
INFO:root:298.00607734, 423.40185527, 112.56488440, -58.42063094, 126.18458518, 0.0050574999999999995
INFO:root:363.01680061, 424.76432402, 112.13195519, -123.45554396, 126.53929867, 0.0050574999999999995
INFO:root:300.23890893, 435.77179266, 113.09279671, -56.41456821, 129.83727619, 0.0050574999999999995
INFO:root:312.81607660, 418.67146991, 111.95027807, -75.26435329, 124.69212852, 0.0050574999999999995
INFO:root:368.92563872, 403.91665960, 117.48375124, -130.26688463, 120.13122029, 0.004298875
INFO:root:306.16366818, 418.86767947, 122.20198628, -58.30137302, 124.73745339, 0.004298875
INFO:root:282.99763386, 406.10963877, 118.00809659, -43.15664114, 120.88083046, 0.004298875
INFO:root:283.61753189, 411.53788981, 113.76534645, -46.39081418, 122.53833674, 0.004298875
INFO:root:309.17398449, 391.47574513, 112.83178118, -78.89947548, 116.33107515, 0.004298875
INFO:root:359.18386842, 403.75843179, 118.52060141, -119.53573270, 120.15459748, 0.004298875
INFO:root:304.17194471, 423.75961595, 122.49768042, -54.54637469, 126.38480479, 0.004298875
INFO:root:275.74505639, 409.99991661, 117.69927551, -35.04580149, 122.09388480, 0.004298875
INFO:root:274.13359588, 399.17542417, 114.79511256, -39.58585132, 118.78948246, 0.004298875
INFO:root:328.11170244, 383.05824717, 114.53753487, -98.65668837, 113.84254188, 0.004298875
INFO:root:388.73712948, 397.20142379, 115.12750035, -154.44919652, 118.14342343, 0.004298875
INFO:root:294.16478941, 397.91539264, 115.04949723, -59.74066971, 118.32443145, 0.004298875
INFO:root:307.94337327, 396.54029525, 113.72787573, -75.25340504, 118.00255799, 0.004298875
INFO:root:309.96065005, 392.18689587, 111.75687224, -80.54770523, 116.69119472, 0.004298875
INFO:root:342.29751197, 389.72299389, 110.08056247, -115.30004639, 115.87951320, 0.004298875
INFO:root:404.29211773, 422.99048882, 119.08057365, -158.31439236, 126.09355115, 0.004298875
INFO:root:311.00842975, 401.91170973, 116.04965375, -74.38525837, 119.63579418, 0.004298875
INFO:root:341.37938375, 401.46776236, 117.90759010, -103.03145993, 119.51968257, 0.004298875
INFO:root:309.83435032, 415.53193577, 114.84784237, -70.32692202, 123.89521576, 0.004298875
INFO:root:303.86232848, 415.54819037, 114.41522810, -64.78263795, 123.89666150, 0.004298875
INFO:root:354.01425402, 383.91166677, 113.24099270, -125.59975659, 114.04589426, 0.0036540437499999997
INFO:root:314.31587369, 386.69051308, 113.93567269, -84.37304302, 114.91167416, 0.0036540437499999997
INFO:root:310.64614109, 388.11572752, 113.73407546, -80.47734312, 115.47385431, 0.0036540437499999997
INFO:root:301.85550259, 390.46488496, 113.31626907, -71.39976367, 116.14183555, 0.0036540437499999997
INFO:root:335.24509497, 384.53671576, 112.50589665, -107.37817882, 114.29124839, 0.0036540437499999997
INFO:root:317.71573182, 388.29094137, 110.98936880, -90.23907543, 115.47118266, 0.0036540437499999997
INFO:root:343.25402810, 378.21068947, 111.66812634, -118.12269016, 112.36418351, 0.0036540437499999997
INFO:root:325.85139273, 397.57787347, 114.20049796, -92.37752841, 118.33558183, 0.0036540437499999997
INFO:root:297.90624292, 384.46986321, 112.45907204, -70.10620770, 114.31954072, 0.0036540437499999997
INFO:root:Finished training.
INFO:root:Saved model. Final Checkpoint saves/BouncingBall_50/kvae/v3/scale=0.3/scheduler_step=20/kvae_state_dict_scale=0.3_89.pth
