INFO:root:Namespace(K=7, a_dim=2, alpha='rnn', batch_size=128, clip=150, dataset='MovingMNIST', device=device(type='cuda'), epochs=90, initial_epochs=10, learning_rate=0.007, lstm_layers=1, model='KVAE', save_every=10, scale=1000.0, scheduler_step=20, subdirectory='v2', wandb_on='True', x_dim=1, z_dim=5)
INFO:root:Starting KVAE training for 90 epochs.
INFO:root:Train Loss, Reconstruction Loss, log q(a), ELBO_KF, MSE
INFO:root:42446946.22288912, 42444.79672370, -26.04635994, -2175.44119900, 15093.70817458, 0.007
INFO:root:25399750.66160164, 25398.94952135, -27.83042486, -829.16864389, 9512.11951887, 0.007
INFO:root:17138889.16941624, 17138.38319762, -27.19249325, -533.33843032, 4619.52199329, 0.007
INFO:root:13623477.93485118, 13623.14504016, -26.14173690, -359.10386527, 3835.30885852, 0.007
INFO:root:13874622.02590260, 13874.37918134, -23.95714488, -266.87097303, 4258.68133115, 0.007
INFO:root:12895314.27645526, 12895.11615592, -21.84996688, -219.92434258, 3886.38272653, 0.007
INFO:root:12508608.69898810, 12508.41215064, -21.60054175, -218.19194584, 3776.09292817, 0.007
INFO:root:12775560.16726819, 12775.37974527, -19.37629216, -199.85740903, 4102.19144751, 0.007
INFO:root:12495159.00301082, 12495.05189536, -17.45839522, -124.48188406, 3982.55612140, 0.007
INFO:root:13221197.31287751, 13221.13347271, -15.99675826, -79.86217329, 4318.62791937, 0.007
INFO:root:15929633.30233238, 15929.60633528, -12.17261743, -39.14740281, 5657.29018005, 0.007
INFO:root:13338013.35106938, 13338.00380997, -10.17564674, -19.68909755, 5810.36199865, 0.007
INFO:root:13445960.71594818, 13445.95257482, -3.55333368, -11.68777916, 6295.99680898, 0.007
INFO:root:14164054.70800266, 14164.03995654, 2.12920325, -12.60941111, 6971.44094548, 0.007
INFO:root:17263829.05788644, 17263.81525088, 2.52470481, -11.38183011, 9703.25065333, 0.007
INFO:root:19167751.25804743, 19167.73899648, 2.46697777, -9.76508968, 11134.09268403, 0.007
INFO:root:16300585.60355028, 16300.57640570, 1.80893988, -7.43453620, 10154.29986658, 0.007
INFO:root:17072782.08814280, 17072.76830711, 7.13997124, -6.56701605, 10910.73627311, 0.007
INFO:root:21940310.28455923, 21940.30051992, 2.59874701, -7.14371417, 15592.01493728, 0.007
INFO:root:23817534.18481991, 23817.52060409, 3.96418158, -9.52284808, 17340.72657625, 0.007
INFO:root:22332949.49519654, 22332.94070478, 0.78228088, -8.04449230, 17814.42610448, 0.007
INFO:root:22633960.50366934, 22633.95093805, 2.94377806, -6.61634540, 19558.01192507, 0.0059499999999999996
INFO:root:22386096.09775721, 22386.08474087, 7.95029848, -3.29494031, 19988.31833187, 0.0059499999999999996
INFO:root:21149407.37985755, 21149.39509518, 11.57054376, -0.71788572, 18285.82016120, 0.0059499999999999996
INFO:root:19944578.69354000, 19944.57089018, 9.49676434, 1.61631916, 17555.28159386, 0.0059499999999999996
INFO:root:20344890.56963038, 20344.87453235, 8.27359337, -7.89357404, 18306.11970456, 0.0059499999999999996
INFO:root:19377083.62550958, 19377.06695643, 7.32740788, -9.49874901, 18071.03661422, 0.0059499999999999996
INFO:root:18616815.61791671, 18616.80166153, 7.52483506, -6.36439558, 17122.82529159, 0.0059499999999999996
INFO:root:19793308.69497972, 19793.29002531, 14.66561515, -4.00483887, 18637.82522282, 0.0059499999999999996
INFO:root:22797566.82736295, 22797.54739767, 15.71643794, -3.64426437, 21831.91545169, 0.0059499999999999996
INFO:root:20466908.10173125, 20466.89589294, 13.60431679, 1.44756453, 18892.55144146, 0.0059499999999999996
INFO:root:21959897.84210977, 21959.88819047, 14.39224719, 4.81986206, 21843.83160486, 0.0059499999999999996
INFO:root:23494231.52171716, 23494.21403224, 11.98909443, -5.43721012, 23951.78662797, 0.0059499999999999996
INFO:root:23048644.22403034, 23048.63477938, 9.25551398, -0.20994583, 22579.27544564, 0.0059499999999999996
INFO:root:26083370.87578532, 26083.36004897, 12.79201083, 1.61717242, 26824.67646897, 0.0059499999999999996
INFO:root:24748161.30996692, 24748.15166978, 13.40598880, 3.60552605, 28320.81128961, 0.0059499999999999996
INFO:root:26981114.98288238, 26981.10500110, 2.25136038, -7.58851619, 28302.65122964, 0.0059499999999999996
INFO:root:29405104.36136707, 29405.09399758, 9.23290045, -1.16418397, 34315.87252421, 0.0059499999999999996
INFO:root:33567592.98911990, 33567.58225132, 12.92075950, 2.01088010, 44562.70881932, 0.0059499999999999996
INFO:root:31809334.32999006, 31809.32826254, 13.29733843, 6.96578459, 40789.32701089, 0.0059499999999999996
INFO:root:31847495.47829733, 31847.48423746, 14.96643272, 4.05691394, 43461.86947073, 0.0059499999999999996
INFO:root:34657585.97038826, 34657.58049076, 8.81951917, 3.35355540, 42086.20491307, 0.0050574999999999995
INFO:root:34202420.05743827, 34202.40718530, 14.00865308, 0.95664623, 46652.27497799, 0.0050574999999999995
INFO:root:31720792.41945965, 31720.76159496, 18.07561324, -12.92650191, 44340.05097381, 0.0050574999999999995
INFO:root:34268774.80429651, 34268.76089349, 11.26575450, -2.45218383, 52457.38405040, 0.0050574999999999995
INFO:root:36916428.22611250, 36916.41579555, 10.81422068, -1.60639419, 49627.28697183, 0.0050574999999999995
INFO:root:33500689.60981040, 33500.68010013, 10.54994795, 0.92540087, 38869.96924516, 0.0050574999999999995
INFO:root:30638197.59194800, 30638.18800891, 12.82376747, 3.07002383, 37362.91131162, 0.0050574999999999995
INFO:root:32682645.00371259, 32682.62969025, 11.73133919, -3.49667032, 45583.35640405, 0.0050574999999999995
INFO:root:28592708.37982228, 28592.70031910, 5.02336248, -2.97137158, 34050.22584727, 0.0050574999999999995
INFO:root:27305709.12811689, 27305.70055293, 9.26275413, 0.66061551, 36313.24127971, 0.0050574999999999995
INFO:root:27960121.62881884, 27960.11114932, 13.97778846, 3.49794172, 34938.46495379, 0.0050574999999999995
INFO:root:26431196.03863880, 26431.18274098, 12.22568994, -0.99638528, 32858.18257592, 0.0050574999999999995
INFO:root:22981098.06768949, 22981.08646017, 15.82508753, 4.14357811, 28494.31651629, 0.0050574999999999995
INFO:root:23972958.76287026, 23972.94538127, 18.63962919, 5.20896072, 30870.16884903, 0.0050574999999999995
INFO:root:25320997.36768946, 25320.98255942, 23.12391684, 8.23794434, 31418.41095401, 0.0050574999999999995
INFO:root:25627582.65912128, 25627.55919894, 25.61399385, 2.17186464, 33525.22081316, 0.0050574999999999995
INFO:root:28360078.63643185, 28360.06207361, 12.63701460, -3.81953045, 38310.92952245, 0.0050574999999999995
INFO:root:24002259.63087390, 24002.25328730, 11.30752978, 4.81983033, 29053.32947293, 0.0050574999999999995
INFO:root:22620768.02954716, 22620.74946358, 15.62046080, -2.97320913, 28697.69401959, 0.0050574999999999995
INFO:root:22901707.00392772, 22901.69606899, 16.27707406, 5.41860751, 29167.72496699, 0.0050574999999999995
INFO:root:21680152.46923911, 21680.13720015, 24.07202589, 8.92512708, 27836.78290053, 0.004298875
INFO:root:19123940.88215356, 19123.92616637, 22.54296515, 7.77981827, 25563.96682438, 0.004298875
INFO:root:17637541.43373413, 17637.52855414, 21.63442058, 8.50992783, 24251.44498239, 0.004298875
INFO:root:16774822.61953490, 16774.80639305, 22.64606855, 6.38046510, 23767.85717430, 0.004298875
INFO:root:15283773.38820584, 15283.76786697, 16.05565513, 10.44278007, 22909.23536532, 0.004298875
INFO:root:14376043.11123653, 14376.03115372, 20.38422037, 8.42397474, 22169.71880502, 0.004298875
INFO:root:13941404.23996606, 13941.39275693, 17.69732520, 6.21073816, 22154.35579886, 0.004298875
INFO:root:13265154.20611644, 13265.14508143, 18.87655825, 9.79388356, 21820.48973922, 0.004298875
INFO:root:13372423.84431907, 13372.41036257, 24.93952066, 11.46554008, 21953.03416593, 0.004298875
INFO:root:12503093.68258836, 12503.07659826, 28.18737906, 11.19065107, 21195.68895797, 0.004298875
INFO:root:11959622.69885923, 11959.61226342, 24.02704612, 13.62508443, 21035.53471611, 0.004298875
INFO:root:12310176.37702525, 12310.16374615, 26.23582080, 13.59480574, 21370.93329115, 0.004298875
INFO:root:11379957.08115037, 11379.94108990, 27.62344325, 11.58082146, 20828.84672095, 0.004298875
INFO:root:11342111.86534286, 11342.09227828, 26.47252131, 6.88113602, 20734.60805458, 0.004298875
INFO:root:11103448.76818011, 11103.43265845, 26.40501492, 10.33041144, 20720.35956756, 0.004298875
INFO:root:11069043.73971812, 11069.02474417, 30.81284553, 11.76732414, 20757.86991087, 0.004298875
INFO:root:10789680.89003969, 10789.66530040, 26.74778662, 11.18038285, 20480.63223482, 0.004298875
INFO:root:10918743.51355933, 10918.73041373, 27.23254333, 14.10615898, 20696.25330106, 0.004298875
INFO:root:10665141.28295632, 10665.12709067, 28.64526542, 14.40718453, 20440.25497909, 0.004298875
INFO:root:10853442.58336271, 10853.42404820, 30.29813525, 11.74058096, 20687.73872139, 0.004298875
INFO:root:10094346.41005540, 10094.33214129, 28.60041640, 14.28008545, 20023.32889525, 0.0036540437499999997
INFO:root:9879271.96158547, 9879.25198063, 33.54139906, 13.64404833, 20089.99579115, 0.0036540437499999997
INFO:root:9821762.35783861, 9821.74079831, 36.26794955, 14.72666844, 20006.08406690, 0.0036540437499999997
INFO:root:9729469.23511093, 9729.44943882, 32.95955051, 13.13108625, 19921.75632702, 0.0036540437499999997
INFO:root:9670597.04895722, 9670.58163237, 26.98492112, 11.58484560, 20053.48825374, 0.0036540437499999997
INFO:root:9586988.80985432, 9586.97374285, 29.17307940, 14.06338512, 19960.58073834, 0.0036540437499999997
INFO:root:9375714.43273289, 9375.69853103, 30.33191662, 14.45459105, 19798.79662742, 0.0036540437499999997
INFO:root:9335183.06333020, 9335.16450264, 30.30843488, 11.79582473, 19725.86760013, 0.0036540437499999997
INFO:root:9416622.02223291, 9416.60551001, 31.06016895, 14.52706286, 19836.71506382, 0.0036540437499999997
INFO:root:Finished training.
INFO:root:Saved model. Final Checkpoint saves/MovingMNIST/kvae/v2/scale=1000.0/scheduler_step=20/kvae_state_dict_scale=1000.0_89.pth
