INFO:root:Namespace(a_dim=4, batch_size=128, clip=150, dataset='MovingMNIST', device=device(type='cuda'), epochs=200, learning_rate=0.001, lstm_layers=1, model='Enc_Dec', save_every=10, scale=0.3, scheduler_step=100, subdirectory='v2', wandb_on='True')
INFO:root:Starting Encoder-Decoder training for 200 epochs.
INFO:root:Reconstruction Loss, MSE
INFO:root:12699.15156663, 3865.63903465, 0.001
INFO:root:6471.02788705, 1880.44949728, 0.001
INFO:root:5190.28466797, 1540.37071378, 0.001
INFO:root:4812.95346198, 1461.18228708, 0.001
INFO:root:4638.32769174, 1433.95220002, 0.001
INFO:root:4530.91631134, 1418.14058546, 0.001
INFO:root:4427.41050699, 1402.84651463, 0.001
INFO:root:4338.20593090, 1388.31947520, 0.001
INFO:root:4269.36046504, 1374.35549454, 0.001
INFO:root:4219.89201076, 1364.31597471, 0.001
INFO:root:4179.61765515, 1354.91766100, 0.001
INFO:root:4151.26623019, 1348.37204280, 0.001
INFO:root:4126.10230180, 1342.69165899, 0.001
INFO:root:4101.93201887, 1336.62165768, 0.001
INFO:root:4087.43599389, 1333.58776684, 0.001
INFO:root:4072.45881244, 1330.02852663, 0.001
INFO:root:4059.29541703, 1327.04353612, 0.001
INFO:root:4047.43728681, 1324.14325209, 0.001
INFO:root:4037.95286367, 1321.67164289, 0.001
INFO:root:4030.05724582, 1320.46587705, 0.001
INFO:root:4022.00635453, 1318.22998563, 0.001
INFO:root:4008.31782639, 1314.84438786, 0.001
INFO:root:4001.76522268, 1313.33194357, 0.001
INFO:root:3996.33409097, 1311.88008741, 0.001
INFO:root:3987.40579954, 1309.72380818, 0.001
INFO:root:3983.62920541, 1308.92241314, 0.001
INFO:root:3972.88249271, 1305.96895116, 0.001
INFO:root:3967.38457650, 1305.01719128, 0.001
INFO:root:3965.13294661, 1304.29132338, 0.001
INFO:root:3959.62221817, 1303.08922996, 0.001
INFO:root:3955.70254044, 1302.13692335, 0.001
INFO:root:3950.14391918, 1300.71385171, 0.001
INFO:root:3944.80906828, 1299.49372971, 0.001
INFO:root:3947.68267564, 1300.20009044, 0.001
INFO:root:3936.24365922, 1296.85555300, 0.001
INFO:root:3936.30565375, 1297.27109066, 0.001
INFO:root:3934.18127613, 1296.63835209, 0.001
INFO:root:3930.62038540, 1295.50345064, 0.001
INFO:root:3927.37899565, 1294.78454074, 0.001
INFO:root:3923.90446881, 1294.07549963, 0.001
INFO:root:3920.54773809, 1293.25767324, 0.001
INFO:root:3919.75771966, 1293.00097312, 0.001
INFO:root:3915.43409235, 1291.81654379, 0.001
INFO:root:3913.77766010, 1291.64878652, 0.001
INFO:root:3912.08751926, 1290.86243020, 0.001
INFO:root:3909.48673044, 1290.51029345, 0.001
INFO:root:3909.34427954, 1290.59691867, 0.001
INFO:root:3902.89360971, 1288.66390089, 0.001
INFO:root:3905.10215394, 1289.21126761, 0.001
INFO:root:3902.64744718, 1288.57984774, 0.001
INFO:root:3896.52912151, 1286.94866342, 0.001
INFO:root:3898.44368948, 1287.57774847, 0.001
INFO:root:3890.13263025, 1285.27489891, 0.001
INFO:root:3893.83016753, 1286.27904758, 0.001
INFO:root:3889.60540686, 1285.44324074, 0.001
INFO:root:3889.35363941, 1285.21565698, 0.001
INFO:root:3889.57427033, 1285.28336474, 0.001
INFO:root:3885.67238735, 1284.21399098, 0.001
INFO:root:3883.63573187, 1283.61364746, 0.001
INFO:root:3882.82538787, 1283.28231081, 0.001
INFO:root:3880.77218241, 1282.80990730, 0.001
INFO:root:3879.72544495, 1282.67968578, 0.001
INFO:root:3873.32034345, 1280.65837506, 0.001
INFO:root:3877.67514167, 1282.17716873, 0.001
INFO:root:3878.60033148, 1282.56500330, 0.001
INFO:root:3880.05689852, 1283.17317823, 0.001
INFO:root:3875.14596858, 1281.31559302, 0.001
INFO:root:3870.86250069, 1280.49369361, 0.001
INFO:root:3871.20878150, 1280.43184694, 0.001
INFO:root:3868.49832540, 1279.66647984, 0.001
INFO:root:3870.99995874, 1280.42153458, 0.001
INFO:root:3864.88828675, 1278.70078503, 0.001
INFO:root:3867.15092361, 1279.41858770, 0.001
INFO:root:3863.50528513, 1278.41969321, 0.001
INFO:root:3864.83635357, 1278.66462299, 0.001
INFO:root:3863.56688765, 1278.70395542, 0.001
INFO:root:3858.28931352, 1276.87173161, 0.001
INFO:root:3861.53741541, 1278.04503363, 0.001
INFO:root:3861.93391010, 1278.25635625, 0.001
INFO:root:3859.71636705, 1277.33905115, 0.001
INFO:root:3857.34175905, 1276.62040259, 0.001
INFO:root:3856.61227374, 1276.47707485, 0.001
INFO:root:3854.50556709, 1276.12557940, 0.001
INFO:root:3854.03256355, 1275.78444102, 0.001
INFO:root:3854.46593379, 1276.13467794, 0.001
INFO:root:3850.22872882, 1274.51874897, 0.001
INFO:root:3855.17925767, 1276.47435492, 0.001
INFO:root:3851.52039434, 1275.44891443, 0.001
INFO:root:3850.88878535, 1275.08630887, 0.001
INFO:root:3848.59468874, 1274.64341886, 0.001
INFO:root:3847.88699728, 1274.48278809, 0.001
INFO:root:3851.03083737, 1275.27791284, 0.001
INFO:root:3850.68456344, 1275.20985606, 0.001
INFO:root:3847.80937087, 1274.16244980, 0.001
INFO:root:3851.48848069, 1275.48298237, 0.001
INFO:root:3847.63540864, 1274.15266354, 0.001
INFO:root:3845.15082045, 1273.63335064, 0.001
INFO:root:3844.91022846, 1273.63795837, 0.001
INFO:root:3842.20587588, 1272.97378239, 0.001
INFO:root:3843.47776945, 1272.93466659, 0.001
INFO:root:3840.10871823, 1272.22868584, 0.001
INFO:root:3837.78708874, 1271.56252751, 0.00085
INFO:root:3836.60447843, 1271.43505859, 0.00085
INFO:root:3836.69892303, 1271.39745750, 0.00085
INFO:root:3835.52086199, 1270.97737745, 0.00085
INFO:root:3834.65798993, 1270.82320608, 0.00085
INFO:root:3833.96416635, 1270.40998432, 0.00085
INFO:root:3834.54608412, 1270.90397537, 0.00085
INFO:root:3830.79644517, 1269.74596136, 0.00085
INFO:root:3831.36034812, 1269.81057438, 0.00085
INFO:root:3827.95790465, 1268.94626155, 0.00085
INFO:root:3831.13922205, 1269.84406119, 0.00085
INFO:root:3830.32594493, 1269.63000316, 0.00085
INFO:root:3829.41378741, 1269.31425369, 0.00085
INFO:root:3830.21783189, 1269.61132469, 0.00085
INFO:root:3827.10177913, 1268.83433511, 0.00085
INFO:root:3826.07132001, 1268.42518465, 0.00085
INFO:root:3828.46641519, 1269.00390797, 0.00085
INFO:root:3826.84124670, 1268.81203063, 0.00085
INFO:root:3824.91380804, 1268.08839266, 0.00085
INFO:root:3826.82730661, 1268.77873638, 0.00085
INFO:root:3825.59944432, 1268.51389882, 0.00085
INFO:root:3826.16958489, 1268.72423801, 0.00085
INFO:root:3823.28524565, 1267.77598378, 0.00085
INFO:root:3824.03671050, 1268.03343867, 0.00085
INFO:root:3827.16194088, 1268.78642337, 0.00085
INFO:root:3821.67293409, 1267.13846212, 0.00085
INFO:root:3821.93261719, 1267.18293698, 0.00085
INFO:root:3819.79935079, 1266.62024614, 0.00085
INFO:root:3820.36196770, 1266.88456962, 0.00085
INFO:root:3820.85833310, 1267.13156773, 0.00085
INFO:root:3819.65318965, 1266.86507964, 0.00085
INFO:root:3819.16078895, 1266.42091219, 0.00085
INFO:root:3818.77674887, 1266.32595352, 0.00085
INFO:root:3818.43653375, 1266.46645130, 0.00085
INFO:root:3819.66629415, 1266.70643465, 0.00085
INFO:root:3816.86918877, 1265.81443937, 0.00085
INFO:root:3817.98686455, 1266.17778767, 0.00085
INFO:root:3815.59221982, 1265.51639181, 0.00085
INFO:root:3814.40063133, 1265.28464390, 0.00085
INFO:root:3819.42911669, 1266.77271367, 0.00085
INFO:root:3815.63961749, 1265.61097567, 0.00085
INFO:root:3816.09314824, 1265.77260192, 0.00085
INFO:root:3815.60506300, 1265.55571736, 0.00085
INFO:root:3813.51504388, 1264.90801056, 0.00085
INFO:root:3811.39466192, 1264.37518912, 0.00085
INFO:root:3813.57417405, 1264.82167247, 0.00085
INFO:root:3813.77773919, 1264.96350613, 0.00085
INFO:root:3810.63807700, 1264.22417095, 0.00085
INFO:root:3813.61840133, 1265.02496596, 0.00085
INFO:root:3812.68453937, 1264.80676613, 0.00085
INFO:root:3814.31091481, 1265.24537336, 0.00085
INFO:root:3810.25137544, 1264.05474596, 0.00085
INFO:root:3812.55121795, 1264.66454734, 0.00085
INFO:root:3811.21897351, 1264.21578593, 0.00085
INFO:root:3809.32117215, 1263.69974658, 0.00085
INFO:root:3808.81190856, 1263.54322836, 0.00085
INFO:root:3810.33945519, 1263.95157591, 0.00085
INFO:root:3807.68391010, 1263.19452506, 0.00085
INFO:root:3808.71374340, 1263.48899132, 0.00085
INFO:root:3807.56861727, 1263.40367793, 0.00085
INFO:root:3807.27568634, 1263.10164675, 0.00085
INFO:root:3808.12883404, 1263.60535700, 0.00085
INFO:root:3808.76044303, 1263.61621610, 0.00085
INFO:root:3806.33240950, 1263.05536490, 0.00085
INFO:root:3806.85162439, 1262.93700828, 0.00085
INFO:root:3806.28417625, 1263.00447534, 0.00085
INFO:root:3808.97259436, 1263.56146498, 0.00085
INFO:root:3804.23409303, 1262.37153905, 0.00085
INFO:root:3803.91613254, 1262.28147179, 0.00085
INFO:root:3805.54190278, 1262.68475428, 0.00085
INFO:root:3804.21045953, 1262.25243109, 0.00085
INFO:root:3805.03791057, 1262.49074673, 0.00085
INFO:root:3802.55517922, 1261.71168024, 0.00085
INFO:root:3803.33969933, 1262.21793505, 0.00085
INFO:root:3801.75554990, 1261.49661126, 0.00085
INFO:root:3802.37535761, 1261.83682810, 0.00085
INFO:root:3802.74498652, 1262.05725098, 0.00085
INFO:root:3800.70757111, 1261.30763610, 0.00085
INFO:root:3799.19953510, 1260.91175176, 0.00085
INFO:root:3799.31073256, 1260.79621651, 0.00085
INFO:root:3800.26736837, 1261.12523211, 0.00085
INFO:root:3800.80742463, 1261.25323916, 0.00085
INFO:root:3798.65319996, 1260.51351198, 0.00085
INFO:root:3801.59215105, 1261.57282612, 0.00085
INFO:root:3799.91428257, 1261.19571825, 0.00085
INFO:root:3799.16412783, 1260.83262613, 0.00085
INFO:root:3799.10915493, 1260.71803477, 0.00085
INFO:root:3797.85987016, 1260.45150370, 0.00085
INFO:root:3799.46540080, 1261.06204439, 0.00085
INFO:root:3796.48291703, 1259.99116624, 0.00085
INFO:root:3796.58566585, 1260.28038863, 0.00085
INFO:root:3798.39314206, 1260.62274600, 0.00085
INFO:root:3797.54204377, 1260.49409592, 0.00085
INFO:root:3796.37102154, 1260.01479974, 0.00085
INFO:root:3796.76954500, 1260.25406443, 0.00085
INFO:root:3795.93681228, 1259.99366782, 0.00085
INFO:root:3797.33430073, 1260.28441179, 0.00085
INFO:root:3793.18623460, 1259.02000750, 0.00085
INFO:root:3792.03636664, 1258.86699666, 0.00085
INFO:root:Finished training.
INFO:root:Saved model. Final Checkpoint saves/MovingMNIST/enc_dec/v2/scheduler_step=100/enc_dec_state_dict_199.pth
