INFO:root:Namespace(batch_size=1, clip=150, dataset='MNIST', device=device(type='cuda'), epochs=100, learning_rate=0.001, model='VQVAE', save_every=10, size=256, subdirectory='v1', wandb_on='True')
INFO:root:Starting VQVAE training for 100 epochs.
INFO:root:Train Loss
INFO:root:0.00054300, 0.00034840, 0.00077837
INFO:root:0.00003630, 0.00002628, 0.00004007
INFO:root:0.00002443, 0.00001844, 0.00002397
INFO:root:0.00001908, 0.00001483, 0.00001700
INFO:root:0.00001894, 0.00001460, 0.00001734
INFO:root:0.00001709, 0.00001306, 0.00001614
INFO:root:0.00001644, 0.00001253, 0.00001564
INFO:root:0.00001629, 0.00001243, 0.00001546
INFO:root:0.00001572, 0.00001191, 0.00001523
INFO:root:0.00001476, 0.00001141, 0.00001342
INFO:root:0.00001442, 0.00001114, 0.00001311
INFO:root:0.00001384, 0.00001072, 0.00001247
INFO:root:0.00001230, 0.00000974, 0.00001026
INFO:root:0.00001147, 0.00000915, 0.00000927
INFO:root:0.00001144, 0.00000924, 0.00000881
INFO:root:0.00001027, 0.00000830, 0.00000786
INFO:root:0.00000979, 0.00000798, 0.00000724
INFO:root:0.00001050, 0.00000855, 0.00000780
INFO:root:0.00000908, 0.00000748, 0.00000643
INFO:root:0.00000807, 0.00000673, 0.00000539
INFO:root:0.00000764, 0.00000653, 0.00000444
INFO:root:0.00000648, 0.00000577, 0.00000281
INFO:root:0.00000699, 0.00000626, 0.00000292
INFO:root:0.00000718, 0.00000654, 0.00000253
INFO:root:0.00000631, 0.00000566, 0.00000261
INFO:root:0.00000623, 0.00000559, 0.00000256
INFO:root:0.00000582, 0.00000525, 0.00000227
INFO:root:0.00000568, 0.00000518, 0.00000202
INFO:root:0.00000636, 0.00000575, 0.00000242
INFO:root:0.00000555, 0.00000499, 0.00000223
INFO:root:0.00000555, 0.00000500, 0.00000222
INFO:root:0.00000558, 0.00000505, 0.00000212
INFO:root:0.00000537, 0.00000489, 0.00000192
INFO:root:0.00000503, 0.00000456, 0.00000190
INFO:root:0.00000501, 0.00000454, 0.00000185
INFO:root:0.00000508, 0.00000459, 0.00000193
INFO:root:0.00000522, 0.00000469, 0.00000209
INFO:root:0.00000498, 0.00000452, 0.00000187
INFO:root:0.00000536, 0.00000484, 0.00000208
INFO:root:0.00000518, 0.00000462, 0.00000224
INFO:root:0.00000515, 0.00000460, 0.00000222
INFO:root:0.00000541, 0.00000484, 0.00000227
INFO:root:0.00000545, 0.00000482, 0.00000252
INFO:root:0.00000535, 0.00000479, 0.00000226
INFO:root:0.00000537, 0.00000478, 0.00000238
INFO:root:0.00000483, 0.00000432, 0.00000205
INFO:root:0.00000586, 0.00000515, 0.00000283
INFO:root:0.00000529, 0.00000467, 0.00000251
INFO:root:0.00000548, 0.00000484, 0.00000258
INFO:root:0.00000605, 0.00000534, 0.00000284
INFO:root:0.00000623, 0.00000544, 0.00000318
INFO:root:0.00000635, 0.00000552, 0.00000334
INFO:root:0.00000935, 0.00000789, 0.00000582
INFO:root:0.00000829, 0.00000699, 0.00000519
INFO:root:0.00000796, 0.00000671, 0.00000499
INFO:root:0.00000750, 0.00000631, 0.00000476
INFO:root:0.00000689, 0.00000588, 0.00000404
INFO:root:0.00000618, 0.00000539, 0.00000313
INFO:root:0.00000714, 0.00000619, 0.00000379
INFO:root:0.00001056, 0.00000907, 0.00000597
INFO:root:0.00000862, 0.00000722, 0.00000561
INFO:root:0.00000801, 0.00000682, 0.00000476
INFO:root:0.00000791, 0.00000669, 0.00000489
INFO:root:0.00000771, 0.00000651, 0.00000480
INFO:root:0.00000721, 0.00000611, 0.00000439
INFO:root:0.00000787, 0.00000671, 0.00000462
INFO:root:0.00000739, 0.00000635, 0.00000415
INFO:root:0.00000775, 0.00000653, 0.00000491
INFO:root:0.00000749, 0.00000635, 0.00000458
INFO:root:0.00000715, 0.00000605, 0.00000440
INFO:root:0.00000756, 0.00000642, 0.00000456
INFO:root:0.00000747, 0.00000633, 0.00000457
INFO:root:0.00000705, 0.00000600, 0.00000420
INFO:root:0.00000707, 0.00000598, 0.00000439
INFO:root:0.00000765, 0.00000655, 0.00000440
INFO:root:0.00000687, 0.00000583, 0.00000416
INFO:root:0.00000606, 0.00000524, 0.00000328
INFO:root:0.00000646, 0.00000555, 0.00000364
INFO:root:0.00000633, 0.00000546, 0.00000348
INFO:root:0.00000650, 0.00000568, 0.00000328
INFO:root:0.00000587, 0.00000514, 0.00000290
INFO:root:0.00000595, 0.00000519, 0.00000304
INFO:root:0.00000552, 0.00000486, 0.00000267
INFO:root:0.00000591, 0.00000510, 0.00000325
INFO:root:0.00000607, 0.00000530, 0.00000305
INFO:root:0.00000571, 0.00000501, 0.00000279
INFO:root:0.00000558, 0.00000493, 0.00000264
INFO:root:0.00000581, 0.00000504, 0.00000310
INFO:root:0.00000521, 0.00000457, 0.00000258
INFO:root:0.00000559, 0.00000496, 0.00000254
INFO:root:0.00000569, 0.00000503, 0.00000264
INFO:root:0.00000580, 0.00000506, 0.00000295
INFO:root:0.00000585, 0.00000508, 0.00000308
INFO:root:0.00000534, 0.00000465, 0.00000276
INFO:root:0.00000620, 0.00000539, 0.00000326
INFO:root:0.00000616, 0.00000519, 0.00000389
INFO:root:0.00000615, 0.00000520, 0.00000381
INFO:root:0.00000627, 0.00000534, 0.00000375
INFO:root:0.00000746, 0.00000629, 0.00000467
INFO:root:0.00000668, 0.00000560, 0.00000432
INFO:root:Finished training.
INFO:root:Saved model. Final Checkpoint saves/MNIST/vqvae/v1/vqvae_state_dict_scale_99.pth

