INFO:root:Namespace(K=7, a_dim=2, alpha='rnn', batch_size=128, clip=150, dataset='MovingMNIST', device=device(type='cuda'), epochs=300, initial_epochs=0, learning_rate=0.007, lstm_layers=1, model='KVAE', save_every=10, scale=1.0, scheduler_step=20, subdirectory='v3/finetuned1', train_reconstruction='True', wandb_on='True', x_dim=1, z_dim=5)
INFO:root:Loaded State Dict from saves/MovingMNIST/kvae/v3/scale=1.0/scheduler_step=5/kvae_state_dict_scale=1.0_39.pth
INFO:root:Starting KVAE training for 300 epochs.
INFO:root:Train Loss, Reconstruction Loss, log q(a), ELBO_KF, MSE
INFO:root:5191.27147891, 5109.27748129, 34.42240135, -47.57158619, 1540.10919275, 0.007
INFO:root:4990.88743645, 4913.51257152, 37.56919103, -39.80565278, 1506.91456110, 0.007
INFO:root:4984.17462802, 4911.70203153, 37.27926840, -35.19334776, 1506.84840415, 0.007
INFO:root:4999.64508301, 4918.66461268, 37.43376783, -43.54670466, 1508.16756987, 0.007
INFO:root:4989.35740460, 4909.86949824, 37.05935433, -42.42854236, 1506.48126994, 0.007
INFO:root:4971.70699965, 4896.90906278, 37.58086137, -37.21708162, 1503.10706082, 0.007
INFO:root:5023.14985641, 4886.36699494, 37.43596612, -99.34688821, 1501.60176366, 0.007
INFO:root:5038.33531603, 4898.50028884, 38.02142925, -101.81361846, 1504.44681517, 0.007
INFO:root:4946.58273199, 4871.30261746, 38.00406958, -37.27605697, 1498.04683030, 0.007
INFO:root:4952.48353847, 4874.58236136, 37.93650136, -39.96466743, 1498.83302157, 0.007
INFO:root:4961.26006825, 4876.24064013, 37.90386243, -47.11556451, 1499.47094383, 0.007
INFO:root:4941.59240031, 4870.21048360, 38.01704154, -33.36487500, 1498.26882118, 0.007
INFO:root:4916.10481453, 4842.40561730, 38.53793104, -35.16126260, 1492.34745165, 0.007
INFO:root:4928.70867636, 4856.41057576, 38.53723198, -33.76085368, 1495.51049977, 0.007
INFO:root:4931.27332499, 4856.83491280, 38.23347629, -36.20492435, 1495.45067672, 0.007
INFO:root:4911.82339179, 4837.76301166, 38.75042676, -35.30992623, 1491.81797253, 0.007
INFO:root:4918.48328790, 4844.84697541, 38.69211820, -34.94419102, 1493.43117469, 0.007
INFO:root:4904.22202446, 4831.86372139, 38.52525249, -33.83305686, 1490.98267461, 0.007
INFO:root:4908.53904979, 4834.62958022, 38.40716134, -35.50231179, 1490.97689604, 0.007
INFO:root:4917.98099531, 4842.11430595, 38.69964309, -37.16707173, 1492.50958854, 0.007
INFO:root:4906.68104236, 4825.23286889, 38.78190871, -42.66627013, 1489.51742167, 0.007
INFO:root:4907.30476569, 4822.26022640, 39.33070336, -45.71382846, 1488.87403203, 0.0059499999999999996
INFO:root:4893.77080310, 4810.76874725, 39.03152197, -43.97055140, 1486.35954005, 0.0059499999999999996
INFO:root:4885.57698514, 4806.77144311, 39.19436146, -39.61117171, 1485.38540864, 0.0059499999999999996
INFO:root:4891.88417172, 4812.83692094, 39.27286089, -39.77437033, 1487.23586735, 0.0059499999999999996
INFO:root:4887.34756232, 4809.34753934, 39.47492712, -38.52512476, 1486.06464397, 0.0059499999999999996
INFO:root:4881.59038008, 4800.20036037, 39.67049241, -41.71954767, 1483.73100517, 0.0059499999999999996
INFO:root:4887.22200548, 4807.65203428, 39.45310077, -40.11686684, 1485.58577589, 0.0059499999999999996
INFO:root:4900.79000557, 4816.87592842, 39.43696455, -44.47711357, 1487.88895384, 0.0059499999999999996
INFO:root:4877.55449955, 4792.34906608, 39.44027619, -45.76516196, 1482.59647337, 0.0059499999999999996
INFO:root:4897.18850243, 4810.05242490, 39.58574419, -47.55033947, 1486.18011217, 0.0059499999999999996
INFO:root:4883.08637990, 4799.38810107, 39.52589674, -44.17240681, 1484.12278554, 0.0059499999999999996
INFO:root:4871.34403394, 4788.23626623, 39.62911090, -43.47869641, 1481.74780961, 0.0059499999999999996
INFO:root:4859.42396493, 4774.31809116, 39.99510472, -45.11078409, 1478.90970923, 0.0059499999999999996
INFO:root:4866.31901678, 4782.37278554, 39.89691850, -44.04930672, 1480.64951206, 0.0059499999999999996
INFO:root:4861.93751531, 4776.21877751, 39.70572995, -46.01300634, 1479.28741885, 0.0059499999999999996
INFO:root:4889.55697309, 4806.95903939, 39.65661132, -42.94133296, 1485.56179337, 0.0059499999999999996
INFO:root:4870.25744594, 4786.37742077, 39.88477551, -43.99521827, 1481.74283911, 0.0059499999999999996
INFO:root:4858.05050427, 4771.06420555, 39.92517004, -47.06111579, 1478.70808002, 0.0059499999999999996
INFO:root:4860.01101352, 4773.17641395, 39.88852799, -46.94607212, 1478.51346556, 0.0059499999999999996
INFO:root:4859.59506654, 4767.92791318, 40.25631117, -51.41082633, 1477.50412288, 0.0059499999999999996
INFO:root:4861.27637373, 4771.56899895, 40.30242157, -49.40495675, 1478.21690691, 0.0050574999999999995
INFO:root:4865.59697824, 4780.62718007, 40.12762860, -44.84217795, 1479.94860840, 0.0050574999999999995
INFO:root:4879.33480212, 4777.73756602, 39.22930511, -62.36793647, 1479.87954411, 0.0050574999999999995
INFO:root:4845.66570351, 4747.33749862, 40.47487608, -57.85332042, 1473.30368859, 0.0050574999999999995
INFO:root:4862.64504714, 4764.07062885, 39.88421072, -58.69021659, 1476.95891732, 0.0050574999999999995
INFO:root:4850.10946131, 4760.55190223, 39.91612711, -49.64144717, 1475.82915658, 0.0050574999999999995
INFO:root:4855.05146217, 4751.21630859, 40.71506758, -63.12008287, 1474.00663994, 0.0050574999999999995
INFO:root:4820.27749307, 4726.37477305, 40.75231686, -53.15041616, 1468.81373790, 0.0050574999999999995
INFO:root:4835.65242198, 4742.89746094, 40.16002252, -52.59492170, 1472.28039723, 0.0050574999999999995
INFO:root:4839.39565828, 4741.49514470, 40.53626439, -57.36425010, 1471.98497160, 0.0050574999999999995
INFO:root:4847.21583963, 4742.14356156, 40.22646574, -64.84582560, 1472.19610682, 0.0050574999999999995
INFO:root:4840.84641748, 4745.08170802, 40.31985984, -55.44484397, 1473.22072204, 0.0050574999999999995
INFO:root:4851.42062599, 4759.54383528, 40.25334839, -51.62344839, 1475.70006293, 0.0050574999999999995
INFO:root:4843.19634465, 4743.58852333, 40.39376906, -59.21406720, 1472.46477498, 0.0050574999999999995
INFO:root:4858.26609425, 4761.44677047, 40.04282175, -56.77648570, 1476.09054351, 0.0050574999999999995
INFO:root:4830.27445336, 4739.50283341, 40.67047243, -50.10115478, 1471.90610042, 0.0050574999999999995
INFO:root:4834.69123208, 4743.24489024, 40.58913309, -50.85721332, 1472.42617153, 0.0050574999999999995
INFO:root:4852.25810815, 4758.64314893, 40.23160263, -53.38334885, 1475.77994333, 0.0050574999999999995
INFO:root:4849.26515654, 4759.13568717, 40.37082925, -49.75865071, 1476.08235964, 0.0050574999999999995
INFO:root:4839.70859982, 4755.43543684, 40.52783327, -43.74531031, 1474.98513493, 0.0050574999999999995
INFO:root:4823.55345899, 4736.25907790, 40.68529151, -46.60908179, 1471.40945821, 0.004298875
INFO:root:4837.88242652, 4741.95610283, 40.83415899, -55.09216051, 1472.18094259, 0.004298875
INFO:root:4829.84348085, 4737.27377448, 40.48078580, -52.08892814, 1471.10504752, 0.004298875
INFO:root:4822.01159993, 4740.45595153, 40.39600507, -41.15965231, 1472.27554880, 0.004298875
INFO:root:4833.70482006, 4736.80481129, 40.20909505, -56.69092124, 1471.10976356, 0.004298875
INFO:root:4824.61072387, 4725.73368728, 41.01747137, -57.85956850, 1469.37089259, 0.004298875
INFO:root:4835.66295144, 4719.71866747, 40.61394447, -75.33035626, 1467.76893293, 0.004298875
INFO:root:4814.76420315, 4724.35073036, 40.53781294, -49.87564131, 1468.78599699, 0.004298875
INFO:root:4869.38597228, 4744.76180128, 40.37806997, -84.24609002, 1472.87283540, 0.004298875
INFO:root:4833.15283606, 4721.95813160, 40.60798677, -70.58671178, 1468.14771883, 0.004298875
INFO:root:4822.11012106, 4728.10646594, 40.59131945, -53.41232589, 1469.60511457, 0.004298875
INFO:root:4867.22804424, 4730.82697651, 40.61275805, -95.78832290, 1470.43936200, 0.004298875
INFO:root:4843.84690902, 4735.84338551, 40.12062212, -67.88287678, 1471.20832932, 0.004298875
INFO:root:4827.22255915, 4735.71659744, 41.09577802, -50.41018294, 1471.22538306, 0.004298875
INFO:root:4817.58343505, 4727.20962395, 40.74180522, -49.63202935, 1469.37075849, 0.004298875
INFO:root:4843.39041695, 4726.13518513, 40.36481159, -76.89040319, 1468.94679969, 0.004298875
INFO:root:4909.84761202, 4732.31199109, 40.62799276, -136.90762936, 1470.09804137, 0.004298875
INFO:root:4883.36006037, 4730.48968420, 40.74654990, -112.12383541, 1469.91998377, 0.004298875
INFO:root:4808.13494479, 4716.05117325, 40.64496285, -51.43879327, 1467.15852291, 0.004298875
INFO:root:4868.46120342, 4716.47691324, 41.12271484, -110.86158029, 1467.09308463, 0.004298875
INFO:root:4868.35551093, 4717.21688628, 40.76645961, -110.37215376, 1466.92736473, 0.0036540437499999997
INFO:root:4850.12405770, 4709.04394531, 41.10839075, -99.97171395, 1465.27609898, 0.0036540437499999997
INFO:root:4835.48991615, 4711.83284276, 41.15769464, -82.49937918, 1466.50013754, 0.0036540437499999997
INFO:root:4814.85021335, 4700.89354781, 41.28160407, -72.67507168, 1463.85639373, 0.0036540437499999997
INFO:root:4813.59968498, 4711.55529957, 41.03278517, -61.01162243, 1466.15118494, 0.0036540437499999997
INFO:root:4833.03716525, 4733.88639552, 41.23326251, -57.91750196, 1470.88198380, 0.0036540437499999997
INFO:root:4807.30731832, 4707.95811097, 41.25964108, -58.08956551, 1465.67709995, 0.0036540437499999997
INFO:root:4808.79909206, 4709.20627476, 40.96848829, -58.62430801, 1466.09127765, 0.0036540437499999997
INFO:root:4814.30585768, 4711.76597574, 41.34821712, -61.19168927, 1466.45413423, 0.0036540437499999997
INFO:root:4809.02230014, 4710.93554000, 41.05980360, -57.02697664, 1465.98057191, 0.0036540437499999997
INFO:root:4808.06306634, 4710.03944075, 41.11525399, -56.90838435, 1465.83099279, 0.0036540437499999997
INFO:root:4794.36477627, 4701.87335635, 41.24498195, -51.24639901, 1464.15747930, 0.0036540437499999997
INFO:root:4810.22987547, 4716.83727855, 41.20913315, -52.18343373, 1467.60424977, 0.0036540437499999997
INFO:root:4814.79906867, 4725.32610310, 40.97758430, -48.49535774, 1469.18957348, 0.0036540437499999997
INFO:root:4795.86944543, 4705.53132565, 41.28426517, -49.05385069, 1465.28966941, 0.0036540437499999997
INFO:root:4780.85081289, 4691.26555623, 41.25796246, -48.32729286, 1462.24466329, 0.0036540437499999997
INFO:root:4768.88721492, 4681.20027096, 41.80101776, -45.88592201, 1459.89047026, 0.0036540437499999997
INFO:root:4792.96404429, 4704.27177322, 41.22772722, -47.46452570, 1464.50667604, 0.0036540437499999997
INFO:root:4816.32371228, 4728.71564151, 40.98109565, -46.62697620, 1469.69472966, 0.0036540437499999997
INFO:root:4803.21744861, 4714.30890322, 41.41404525, -47.49450352, 1466.99046476, 0.0036540437499999997
INFO:root:4788.89567057, 4699.07111713, 41.55976723, -48.26479744, 1463.60886093, 0.0031059371874999995
INFO:root:4777.44130564, 4689.72082004, 41.50933666, -46.21114637, 1461.82537584, 0.0031059371874999995
INFO:root:4783.68125541, 4694.78182081, 41.77777798, -47.12165759, 1462.69252208, 0.0031059371874999995
INFO:root:4782.02894779, 4692.74355606, 41.32726035, -47.95812637, 1462.08463083, 0.0031059371874999995
INFO:root:4800.39249425, 4705.95826915, 41.53143063, -52.90276878, 1465.07078015, 0.0031059371874999995
INFO:root:4777.67186707, 4691.65902151, 41.75156510, -44.26128443, 1461.97463688, 0.0031059371874999995
INFO:root:4781.15586811, 4692.39526023, 41.65871961, -47.10187520, 1462.09621032, 0.0031059371874999995
INFO:root:4784.54887949, 4690.42166868, 41.84250652, -52.28469182, 1461.99127455, 0.0031059371874999995
INFO:root:4782.08444810, 4688.98328153, 41.82145847, -51.27967808, 1461.33173381, 0.0031059371874999995
INFO:root:4789.61434964, 4697.81552597, 41.40600328, -50.39282812, 1463.49637056, 0.0031059371874999995
INFO:root:4786.35723319, 4697.59788320, 41.95899474, -46.80034499, 1463.20791153, 0.0031059371874999995
INFO:root:4785.09425502, 4691.20693497, 41.63739648, -52.24992045, 1462.02637922, 0.0031059371874999995
INFO:root:4785.15922359, 4687.00202190, 41.84418144, -56.31302531, 1461.40024792, 0.0031059371874999995
INFO:root:4770.82048644, 4688.13485503, 41.53848428, -41.14714660, 1460.86595992, 0.0031059371874999995
INFO:root:4772.67822749, 4684.89429743, 41.78911913, -45.99479191, 1460.64549062, 0.0031059371874999995
INFO:root:4783.05691778, 4689.85918244, 41.67898071, -51.51879745, 1461.87967306, 0.0031059371874999995
INFO:root:4772.40327494, 4684.25024758, 41.77378131, -46.37921849, 1460.58953256, 0.0031059371874999995
INFO:root:4780.27620182, 4680.98569542, 42.23436538, -57.05612452, 1459.72144586, 0.0031059371874999995
INFO:root:4768.93717580, 4680.11940196, 41.98316773, -46.83460235, 1459.92830174, 0.0031059371874999995
INFO:root:4795.93686129, 4704.11442974, 42.14793197, -49.67450984, 1464.72842622, 0.0031059371874999995
INFO:root:4775.03593619, 4681.42201942, 42.08445745, -51.52945787, 1459.84699088, 0.0026400466093749993
INFO:root:4806.41986899, 4682.97241555, 42.87692132, -80.57053470, 1460.76880914, 0.0026400466093749993
INFO:root:4757.85582441, 4653.38854809, 42.82585552, -61.64142768, 1454.27331027, 0.0026400466093749993
INFO:root:4732.29784100, 4647.82749230, 42.89040047, -41.57996440, 1452.81027007, 0.0026400466093749993
INFO:root:4744.05540007, 4647.90277701, 42.87171936, -53.28090348, 1453.04248047, 0.0026400466093749993
INFO:root:4746.98318905, 4645.98607367, 42.94550888, -58.05161032, 1452.21453771, 0.0026400466093749993
INFO:root:4757.84628364, 4665.89550094, 42.63569711, -49.31508866, 1456.57810781, 0.0026400466093749993
INFO:root:4749.48679173, 4648.97857752, 42.45185159, -58.05636149, 1453.11918189, 0.0026400466093749993
INFO:root:4759.01769435, 4665.44409524, 42.37074828, -51.20284922, 1456.41054653, 0.0026400466093749993
INFO:root:4765.37899057, 4670.24180238, 42.39850633, -52.73867504, 1457.66683229, 0.0026400466093749993
INFO:root:4752.44335659, 4662.32331096, 42.11835018, -48.00171652, 1455.63019573, 0.0026400466093749993
INFO:root:4774.17574841, 4685.78260481, 42.34924080, -46.04390560, 1460.97819412, 0.0026400466093749993
INFO:root:4771.68272721, 4685.00618260, 42.24347633, -44.43307795, 1460.64392090, 0.0026400466093749993
INFO:root:4745.00294581, 4657.24709782, 42.44206668, -45.31376090, 1454.74408045, 0.0026400466093749993
INFO:root:4734.30783907, 4648.21978846, 42.72506177, -43.36300798, 1452.81929467, 0.0026400466093749993
INFO:root:4743.15487426, 4657.60388699, 42.83255171, -42.71846086, 1454.91558236, 0.0026400466093749993
INFO:root:4768.11148470, 4685.13858935, 42.37710727, -40.59581155, 1460.81363818, 0.0026400466093749993
INFO:root:4790.19485724, 4706.70256795, 41.93577737, -41.55651547, 1465.14728557, 0.0026400466093749993
INFO:root:4769.36250268, 4686.90235750, 41.96815894, -40.49200037, 1461.28600902, 0.0026400466093749993
INFO:root:4768.04407967, 4685.58153609, 42.39613616, -40.06642370, 1460.83735764, 0.0026400466093749993
INFO:root:4751.44062957, 4668.93401326, 42.35748210, -40.14911191, 1457.29304096, 0.0022440396179687493
INFO:root:4767.63807416, 4680.47141835, 42.25408114, -44.91259138, 1459.44734815, 0.0022440396179687493
INFO:root:4763.72444226, 4681.01312858, 42.15198313, -40.55932067, 1460.27414241, 0.0022440396179687493
INFO:root:4775.29501155, 4686.19480359, 42.21104657, -46.88916043, 1460.70563690, 0.0022440396179687493
INFO:root:4756.70428335, 4673.10336433, 42.19351943, -41.40742210, 1457.87871197, 0.0022440396179687493
INFO:root:4749.18698531, 4664.45984403, 42.53001366, -42.19713605, 1456.30988494, 0.0022440396179687493
INFO:root:4737.66031095, 4651.57765047, 42.66142628, -43.42120444, 1453.59299867, 0.0022440396179687493
INFO:root:4787.98033292, 4695.14966164, 42.48398359, -50.34668827, 1462.94178622, 0.0022440396179687493
INFO:root:4782.16261697, 4686.20404654, 42.11837247, -53.84022755, 1461.23013349, 0.0022440396179687493
INFO:root:4776.17945326, 4674.85330931, 42.41920455, -58.90695106, 1458.69611026, 0.0022440396179687493
INFO:root:4784.13788548, 4690.85040025, 42.19327486, -51.09419463, 1462.34576330, 0.0022440396179687493
INFO:root:4806.34009786, 4675.75108660, 42.54170168, -88.04728728, 1458.92412041, 0.0022440396179687493
INFO:root:4816.88779320, 4694.19677734, 42.49754871, -80.19348478, 1462.26731163, 0.0022440396179687493
INFO:root:4776.71535371, 4666.42505227, 42.61494849, -67.67536966, 1456.96273933, 0.0022440396179687493
INFO:root:4782.84640388, 4670.32851700, 42.65735761, -69.86052965, 1457.64219300, 0.0022440396179687493
INFO:root:4801.80618718, 4656.13975847, 42.89323565, -102.77317662, 1454.34954748, 0.0022440396179687493
INFO:root:4793.69059544, 4669.34214074, 42.42746864, -81.92099542, 1457.27916621, 0.0022440396179687493
INFO:root:4803.82167275, 4674.19201832, 42.54885649, -87.08079192, 1458.77188153, 0.0022440396179687493
INFO:root:4803.81228004, 4668.82606184, 42.50248197, -92.48374929, 1457.04802865, 0.0022440396179687493
INFO:root:4812.53902710, 4677.37118315, 42.28862762, -92.87921471, 1458.73703304, 0.0022440396179687493
INFO:root:4805.61493792, 4673.53783148, 42.50913303, -89.56798040, 1458.28276126, 0.0019074336752734368
INFO:root:4788.27066160, 4643.52809336, 42.72363593, -102.01892855, 1451.40304179, 0.0019074336752734368
INFO:root:4802.26200958, 4658.87003466, 42.90886806, -100.48311846, 1454.99480084, 0.0019074336752734368
INFO:root:4826.59308542, 4695.08441764, 42.32121078, -89.18745437, 1462.54274868, 0.0019074336752734368
INFO:root:4785.99193785, 4652.99646512, 42.50916290, -90.48631918, 1453.97050025, 0.0019074336752734368
INFO:root:4788.01425281, 4648.94354506, 42.72775118, -96.34295550, 1452.49434866, 0.0019074336752734368
INFO:root:4781.76773083, 4642.55257620, 43.02253718, -96.19263867, 1451.85949363, 0.0019074336752734368
INFO:root:4791.47134115, 4645.00571495, 42.99750003, -103.46810886, 1452.24720786, 0.0019074336752734368
INFO:root:4797.42873954, 4644.84049708, 42.80282861, -109.78541868, 1452.26811455, 0.0019074336752734368
INFO:root:4792.46278592, 4639.94774015, 43.14779308, -109.36729599, 1451.24419220, 0.0019074336752734368
INFO:root:4797.33449217, 4637.41840201, 43.20021460, -116.71586046, 1450.37438965, 0.0019074336752734368
INFO:root:4794.24613740, 4638.13394036, 43.23125871, -112.88093741, 1450.71317259, 0.0019074336752734368
INFO:root:4804.57092044, 4646.40488831, 43.22125282, -114.94477195, 1452.57240833, 0.0019074336752734368
INFO:root:4800.73154611, 4644.04385591, 43.02983899, -113.65785690, 1452.10556675, 0.0019074336752734368
INFO:root:4806.91469967, 4646.87427102, 43.15254201, -116.88786484, 1452.53352635, 0.0019074336752734368
INFO:root:4826.47550301, 4674.10206454, 42.40157109, -109.97187185, 1458.36699322, 0.0019074336752734368
INFO:root:4856.03947091, 4698.03068607, 42.27589132, -115.73291281, 1462.78727959, 0.0019074336752734368
INFO:root:4829.36978035, 4667.14487511, 42.42638499, -119.79851192, 1457.23531546, 0.0019074336752734368
INFO:root:4833.75460891, 4676.27266038, 42.32576924, -115.15616866, 1458.83401016, 0.0019074336752734368
INFO:root:4786.52568861, 4663.73958792, 42.66081039, -80.12527735, 1456.14889483, 0.0019074336752734368
INFO:root:4830.49532864, 4656.21340642, 42.56449901, -131.71743471, 1454.60057734, 0.0016213186239824214
INFO:root:4819.72986690, 4653.04393156, 42.96026477, -123.72570619, 1453.79318022, 0.0016213186239824214
INFO:root:4863.90903152, 4669.89697266, 42.62022679, -151.39183851, 1457.15479719, 0.0016213186239824214
INFO:root:4861.18366776, 4665.67970813, 42.63989338, -152.86405674, 1456.41266815, 0.0016213186239824214
INFO:root:4830.20433599, 4670.75494471, 42.27506912, -117.17433076, 1457.95490619, 0.0016213186239824214
INFO:root:4762.95995824, 4667.42828455, 42.53235626, -52.99933709, 1456.94296909, 0.0016213186239824214
INFO:root:4756.83943722, 4669.66531415, 42.47360477, -44.70051089, 1457.65856418, 0.0016213186239824214
INFO:root:4735.12885860, 4650.24932603, 42.43062624, -42.44888226, 1453.13726205, 0.0016213186239824214
INFO:root:4727.93778201, 4642.58736796, 43.00396465, -42.34644590, 1451.51558546, 0.0016213186239824214
INFO:root:4739.97982499, 4654.06289200, 43.05599782, -42.86095258, 1454.42065774, 0.0016213186239824214
INFO:root:4721.75686647, 4635.78597464, 43.12589726, -42.84501155, 1450.26417907, 0.0016213186239824214
INFO:root:4750.09605220, 4664.19826282, 43.44774934, -42.45002172, 1455.91446997, 0.0016213186239824214
INFO:root:4748.30654238, 4663.69519559, 42.68317295, -41.92820006, 1456.80529097, 0.0016213186239824214
INFO:root:4730.82942127, 4646.41012874, 42.85063924, -41.56862407, 1452.65168870, 0.0016213186239824214
INFO:root:4744.94316997, 4661.06729341, 42.91334373, -40.96254992, 1455.52877077, 0.0016213186239824214
INFO:root:4751.67736722, 4668.52292171, 42.83671366, -40.31773088, 1457.13690100, 0.0016213186239824214
INFO:root:4732.36216906, 4648.93669537, 42.91235593, -40.51310987, 1452.97920335, 0.0016213186239824214
INFO:root:4736.14272977, 4652.65308649, 42.95102520, -40.53860895, 1453.83631231, 0.0016213186239824214
INFO:root:4746.04934095, 4662.87632042, 42.88180263, -40.29120522, 1456.47084755, 0.0016213186239824214
INFO:root:4740.67582982, 4657.32247194, 42.86829489, -40.48506315, 1454.98091233, 0.0016213186239824214
INFO:root:4726.51037308, 4643.75421572, 42.84053921, -39.91561213, 1452.04352580, 0.001378120830385058
INFO:root:4741.39421554, 4658.66369113, 42.96350662, -39.76700796, 1455.10084039, 0.001378120830385058
INFO:root:4722.66942684, 4639.30234237, 43.17524558, -40.19186027, 1451.03269077, 0.001378120830385058
INFO:root:4715.32386212, 4631.86893431, 43.34981628, -40.10510524, 1449.10373741, 0.001378120830385058
INFO:root:4734.15264153, 4650.82329721, 43.35808004, -39.97126911, 1453.42330374, 0.001378120830385058
INFO:root:4730.21424274, 4646.36887241, 43.28930986, -40.55604649, 1452.24223220, 0.001378120830385058
INFO:root:4733.02558772, 4648.68289228, 43.43297486, -40.90968625, 1453.15541786, 0.001378120830385058
INFO:root:4733.26308788, 4648.47029049, 43.02137708, -41.77143680, 1452.59959390, 0.001378120830385058
INFO:root:4749.79969912, 4640.83369553, 43.06578413, -65.90020253, 1451.29348282, 0.001378120830385058
INFO:root:4747.62061803, 4637.96863996, 43.26098971, -66.39096767, 1450.62858474, 0.001378120830385058
INFO:root:4739.81240560, 4646.13029544, 43.33618492, -50.34589069, 1452.43949267, 0.001378120830385058
INFO:root:4755.86945129, 4644.04021099, 43.32796661, -68.50128722, 1451.89844266, 0.001378120830385058
INFO:root:4757.96409287, 4631.89827932, 43.47439167, -82.59142424, 1449.43875681, 0.001378120830385058
INFO:root:4767.05050732, 4644.10294482, 43.52325192, -79.42434507, 1452.13392661, 0.001378120830385058
INFO:root:4795.93784453, 4650.95901188, 43.39441498, -101.58443206, 1453.81408348, 0.001378120830385058
INFO:root:4772.86172860, 4632.10681668, 43.47623782, -97.27869328, 1449.44416917, 0.001378120830385058
INFO:root:4761.17683318, 4634.53783836, 43.49681967, -83.14217209, 1449.82320952, 0.001378120830385058
INFO:root:4783.15702248, 4632.08475462, 43.68937527, -107.38291101, 1449.53998576, 0.001378120830385058
INFO:root:4796.06659384, 4629.90023245, 43.59586947, -122.57047258, 1448.74234052, 0.001378120830385058
INFO:root:4743.30752592, 4624.77452410, 43.65312066, -74.87984657, 1448.16548608, 0.001378120830385058
INFO:root:4714.33733542, 4623.41178615, 43.73934383, -47.18619518, 1447.70861129, 0.0011714027058272994
INFO:root:4718.65722108, 4629.17433016, 43.74279366, -45.74007072, 1448.74981775, 0.0011714027058272994
INFO:root:4715.22203861, 4624.89100325, 43.81561005, -46.51541311, 1447.77171132, 0.0011714027058272994
INFO:root:4729.69105900, 4640.94179137, 43.61286534, -45.13637838, 1451.18888919, 0.0011714027058272994
INFO:root:4729.66317938, 4642.92513479, 43.38301688, -43.35498451, 1451.97939935, 0.0011714027058272994
INFO:root:4720.40832917, 4633.29486686, 43.48681420, -43.62667341, 1449.69188937, 0.0011714027058272994
INFO:root:4719.25039837, 4631.78984650, 43.75486406, -43.70571032, 1449.65348193, 0.0011714027058272994
INFO:root:4718.10970936, 4630.23773795, 43.80877266, -44.06321260, 1449.07312871, 0.0011714027058272994
INFO:root:4728.39283252, 4640.98962918, 43.77522794, -43.62799840, 1451.37475242, 0.0011714027058272994
INFO:root:4726.55448513, 4639.48310272, 43.57580502, -43.49557503, 1450.84715765, 0.0011714027058272994
INFO:root:4716.45891329, 4629.26932493, 43.49997840, -43.68959523, 1448.76789448, 0.0011714027058272994
INFO:root:4712.72489882, 4624.66144916, 43.75542235, -44.30802354, 1448.20908581, 0.0011714027058272994
INFO:root:4723.59256837, 4636.12085305, 43.53697608, -43.93473661, 1450.41018720, 0.0011714027058272994
INFO:root:4720.46699976, 4631.99018623, 43.79470702, -44.68213235, 1449.55664922, 0.0011714027058272994
INFO:root:4710.84878589, 4621.53747387, 43.81068592, -45.50062073, 1446.71144641, 0.0011714027058272994
INFO:root:4725.54500137, 4636.43225957, 43.67206810, -45.44066048, 1450.29219850, 0.0011714027058272994
INFO:root:4720.39858179, 4630.50954555, 43.70122319, -46.18778871, 1448.98829329, 0.0011714027058272994
INFO:root:4721.81468335, 4630.36616280, 43.68126050, -47.76721004, 1448.97404888, 0.0011714027058272994
INFO:root:4721.75641991, 4630.11276546, 43.75900419, -47.88465219, 1448.84330470, 0.0011714027058272994
INFO:root:4721.24912443, 4628.83247139, 43.82203013, -48.59460061, 1448.68364017, 0.0011714027058272994
INFO:root:4719.57339610, 4627.12447733, 43.68061651, -48.76828909, 1448.40572733, 0.0009956922999532045
INFO:root:4720.66435131, 4625.83873652, 43.90296872, -50.92268648, 1448.25036105, 0.0009956922999532045
INFO:root:4728.36173107, 4624.01489602, 43.86034662, -60.48648349, 1447.74009683, 0.0009956922999532045
INFO:root:4776.81830205, 4629.00090779, 43.85637665, -103.96101772, 1448.81635639, 0.0009956922999532045
INFO:root:4764.94121307, 4618.22392853, 43.86277164, -102.85451220, 1446.37094589, 0.0009956922999532045
INFO:root:4769.11219140, 4621.01993013, 43.95962009, -104.13266483, 1447.10733935, 0.0009956922999532045
INFO:root:4770.57372282, 4616.23462946, 44.16893596, -110.17012742, 1445.98596363, 0.0009956922999532045
INFO:root:4768.00005744, 4615.84737428, 44.24547550, -107.90718084, 1445.72628741, 0.0009956922999532045
INFO:root:4720.52567917, 4619.72636306, 44.13190406, -56.66743891, 1446.96494519, 0.0009956922999532045
INFO:root:4724.08826987, 4629.63468998, 44.01741141, -50.43615994, 1449.02221336, 0.0009956922999532045
INFO:root:4716.78043034, 4619.58192121, 43.93317209, -53.26537615, 1446.77868308, 0.0009956922999532045
INFO:root:4721.59776490, 4621.19612401, 44.14052700, -56.26109841, 1447.30372125, 0.0009956922999532045
INFO:root:4731.98879585, 4629.23818497, 44.08194475, -58.66865528, 1448.72353309, 0.0009956922999532045
INFO:root:4736.99719982, 4627.33344795, 44.13131655, -65.53241109, 1448.47195649, 0.0009956922999532045
INFO:root:4731.34699120, 4622.62405095, 43.97817289, -64.74476849, 1447.74547308, 0.0009956922999532045
INFO:root:4739.01482081, 4622.10150061, 44.16230151, -72.75103890, 1447.63723454, 0.0009956922999532045
INFO:root:4742.71410637, 4622.45912880, 44.15451286, -76.10045375, 1447.27638438, 0.0009956922999532045
INFO:root:4756.58641830, 4624.30190911, 43.90956304, -88.37497188, 1447.67747648, 0.0009956922999532045
INFO:root:4764.39926084, 4626.80410982, 43.96171022, -93.63346391, 1448.41873040, 0.0009956922999532045
INFO:root:4754.37168348, 4625.15385673, 44.14576404, -85.07203009, 1447.99192789, 0.0009956922999532045
INFO:root:4757.56108381, 4631.05986603, 44.06708468, -82.43416508, 1449.61678690, 0.0008463384549602238
INFO:root:4752.07436176, 4622.21339266, 44.03162024, -85.82934773, 1447.19454569, 0.0008463384549602238
INFO:root:4752.38513192, 4622.95164640, 44.14957670, -85.28389953, 1447.45444714, 0.0008463384549602238
INFO:root:4750.44602646, 4627.35824026, 44.07968758, -79.00810007, 1448.59716625, 0.0008463384549602238
INFO:root:4740.14628621, 4618.46190719, 44.08906749, -77.59532615, 1446.72911566, 0.0008463384549602238
INFO:root:4735.46976614, 4613.79340889, 44.21718318, -77.45921652, 1445.16470380, 0.0008463384549602238
INFO:root:4739.10004937, 4617.10247717, 44.24408228, -77.75350035, 1446.13946791, 0.0008463384549602238
INFO:root:4737.15959429, 4617.56156470, 44.08925892, -75.50877727, 1446.17968062, 0.0008463384549602238
INFO:root:4736.75812084, 4619.19568387, 44.22181422, -73.34061287, 1446.84458902, 0.0008463384549602238
INFO:root:4737.08099506, 4613.60258720, 44.32173501, -79.15667865, 1445.40370372, 0.0008463384549602238
INFO:root:4739.19513216, 4620.02571385, 44.23105686, -74.93833061, 1447.11221356, 0.0008463384549602238
INFO:root:4733.08589161, 4619.47698201, 44.26717162, -69.34174411, 1446.73466556, 0.0008463384549602238
INFO:root:4730.37347515, 4615.61934006, 44.18964418, -70.56448939, 1445.99306090, 0.0008463384549602238
INFO:root:4731.48983708, 4618.82089018, 44.31639368, -68.35256815, 1446.64069205, 0.0008463384549602238
INFO:root:4730.80276929, 4621.46051111, 44.28017006, -65.06208790, 1447.27851459, 0.0008463384549602238
INFO:root:4727.78415914, 4617.41450264, 44.31997879, -66.04967410, 1446.21648396, 0.0008463384549602238
INFO:root:4728.45672618, 4619.35134931, 44.32568864, -64.77971391, 1446.98015584, 0.0008463384549602238
INFO:root:4721.77225155, 4613.39656690, 44.42995759, -63.94574957, 1445.50708867, 0.0008463384549602238
INFO:root:4739.58838646, 4630.52431090, 44.26423435, -64.79983975, 1448.94365853, 0.0008463384549602238
INFO:root:4728.65439730, 4619.67930238, 44.15445376, -64.82062612, 1446.94455945, 0.0008463384549602238
INFO:root:4726.90626663, 4620.12764085, 44.27825353, -62.50036049, 1446.94657962, 0.0007193876867161901
INFO:root:4719.16458102, 4613.11006272, 44.41617821, -61.63832387, 1445.63741507, 0.0007193876867161901
INFO:root:4713.69522483, 4610.93832526, 44.46525848, -58.29162255, 1445.24718035, 0.0007193876867161901
INFO:root:4717.19519983, 4613.04245984, 44.38500971, -59.76770616, 1445.67229279, 0.0007193876867161901
INFO:root:4730.46442835, 4621.85596391, 44.32915448, -64.27932161, 1447.20550967, 0.0007193876867161901
INFO:root:4718.51892273, 4616.93248652, 44.18931418, -57.39711375, 1446.21973344, 0.0007193876867161901
INFO:root:4718.23181388, 4615.52363694, 44.36114862, -58.34702762, 1445.93020845, 0.0007193876867161901
INFO:root:4721.70531195, 4620.07868205, 44.33797380, -57.28862924, 1447.25625309, 0.0007193876867161901
INFO:root:4716.44769890, 4613.31114519, 44.44277685, -58.69377202, 1445.60950051, 0.0007193876867161901
INFO:root:4711.95381263, 4609.34100600, 44.48712266, -58.12567388, 1444.18014483, 0.0007193876867161901
INFO:root:4718.61366270, 4618.35870103, 44.48282333, -55.77216842, 1446.54098296, 0.0007193876867161901
INFO:root:4724.35616230, 4619.23882455, 44.40228255, -60.71509716, 1447.02100813, 0.0007193876867161901
INFO:root:4717.76861551, 4613.64061812, 44.43252273, -59.69547648, 1445.41736699, 0.0007193876867161901
INFO:root:4715.64389256, 4614.43842154, 44.52625586, -56.67922074, 1445.78306386, 0.0007193876867161901
INFO:root:4717.78595095, 4616.24066076, 44.57467861, -56.97061067, 1446.22910019, 0.0007193876867161901
INFO:root:4710.83614682, 4607.83947238, 44.50063018, -58.49603486, 1443.99705484, 0.0007193876867161901
INFO:root:4713.97086619, 4611.05267248, 44.53136433, -58.38684743, 1444.55696901, 0.0007193876867161901
INFO:root:4715.36493156, 4612.56463881, 44.58581092, -58.21447904, 1444.99247118, 0.0007193876867161901
INFO:root:4716.01557327, 4609.73026931, 44.46249008, -61.82283972, 1444.84846948, 0.0007193876867161901
INFO:root:Finished training.
INFO:root:Saved model. Final Checkpoint saves/MovingMNIST/kvae/v3/finetuned1/scale=1.0/scheduler_step=20/kvae_state_dict_scale=1.0_299.pth
