INFO:root:Namespace(K=3, a_dim=2, alpha='mlp', batch_size=128, clip=150, dataset='BouncingBall_20', device=device(type='cuda'), epochs=90, initial_epochs=10, learning_rate=0.007, lstm_layers=1, model='KVAE', save_every=10, scale=0.3, scheduler_step=10, subdirectory='mlp', train_reconstruction=False, wandb_on='True', x_dim=1, z_dim=4)
INFO:root:Starting KVAE training for 90 epochs.
INFO:root:Train Loss, Reconstruction Loss, log q(a), ELBO_KF, MSE
INFO:root:2081.43936573, 4524.38920960, 21.77840455, -702.34414625, 1260.90710295, 0.007
INFO:root:639.89067344, 1842.66023505, 49.26892037, -37.82366225, 584.91473736, 0.007
INFO:root:377.02278843, 1003.05862311, 61.06823011, -15.03696056, 312.40228271, 0.007
INFO:root:310.11564656, 784.59143298, 60.33620173, -14.40200382, 242.75752818, 0.007
INFO:root:250.82928297, 577.24677866, 61.52564476, -16.12959757, 176.48242381, 0.007
INFO:root:226.85104943, 492.65412150, 61.54439240, -17.51041415, 148.10533017, 0.007
INFO:root:196.94358032, 389.91464736, 61.02894254, -18.94023826, 116.59921187, 0.007
INFO:root:179.91742578, 331.01009977, 60.96332381, -19.65106855, 99.02163938, 0.007
INFO:root:195.79890045, 388.39917031, 59.34829630, -19.93084803, 114.79285943, 0.007
INFO:root:173.69869925, 317.74805962, 58.41737057, -19.95690674, 95.33933818, 0.007
INFO:root:221.16707511, 487.37042719, 55.16822936, -19.78770975, 126.03426052, 0.007
INFO:root:149.97109582, 240.85905379, 56.92187032, -20.79150595, 71.75095281, 0.0059499999999999996
INFO:root:148.13041997, 235.90829622, 55.12737173, -22.23055616, 70.36999449, 0.0059499999999999996
INFO:root:151.70879443, 249.86264869, 53.56018008, -23.18981714, 74.67566415, 0.0059499999999999996
INFO:root:148.65707225, 237.63760318, 52.34014067, -25.02564791, 70.94399459, 0.0059499999999999996
INFO:root:150.23670984, 239.76603525, 51.33725932, -26.96963680, 71.45579529, 0.0059499999999999996
INFO:root:146.11836861, 226.46607353, 49.79450168, -28.38404257, 67.50251500, 0.0059499999999999996
INFO:root:148.37839980, 224.37777517, 49.32744198, -31.73762260, 66.73135994, 0.0059499999999999996
INFO:root:154.90525259, 215.85249213, 48.01377405, -42.13572800, 64.47458856, 0.0059499999999999996
INFO:root:164.01048521, 226.82235486, 47.41537659, -48.54839963, 67.42831117, 0.0059499999999999996
INFO:root:155.82201836, 209.61838889, 46.70237408, -46.23412551, 62.49557408, 0.0059499999999999996
INFO:root:154.81025630, 203.33248071, 46.58373951, -47.22676987, 60.66013331, 0.0050574999999999995
INFO:root:154.07442779, 196.67051272, 45.74268047, -49.33059195, 58.61758283, 0.0050574999999999995
INFO:root:161.36500187, 210.07733251, 44.68860380, -53.65319646, 62.51800441, 0.0050574999999999995
INFO:root:155.59698065, 201.44503610, 44.45658532, -50.70688218, 60.04761288, 0.0050574999999999995
INFO:root:156.12117257, 197.45399359, 43.77954391, -53.10542878, 58.88737473, 0.0050574999999999995
INFO:root:153.97543436, 196.95662255, 43.53780814, -51.35063707, 58.68230641, 0.0050574999999999995
INFO:root:154.54260082, 192.71103253, 42.84250042, -53.88678918, 57.44206214, 0.0050574999999999995
INFO:root:151.94607629, 185.31301513, 42.10917490, -54.24299456, 55.22897286, 0.0050574999999999995
INFO:root:156.65961218, 199.21536660, 42.38852957, -54.50646995, 59.33408196, 0.0050574999999999995
INFO:root:159.54425756, 199.80491348, 42.11028758, -57.49249289, 59.57422802, 0.0050574999999999995
INFO:root:155.43576991, 188.38914915, 43.04839958, -55.87062308, 56.18709820, 0.004298875
INFO:root:149.26717631, 186.47246136, 43.35679902, -49.96863704, 55.57599746, 0.004298875
INFO:root:145.79047879, 186.01980243, 43.71420389, -46.27033178, 55.49213501, 0.004298875
INFO:root:145.38884714, 187.04499856, 43.18303545, -46.09231025, 55.83014602, 0.004298875
INFO:root:148.90349955, 194.39222466, 42.84071466, -47.74511506, 58.00809546, 0.004298875
INFO:root:145.52721092, 191.67221320, 42.94471837, -45.08082615, 57.21848775, 0.004298875
INFO:root:142.27701358, 187.41404801, 43.19740160, -42.85539499, 55.95358682, 0.004298875
INFO:root:140.81246039, 191.64863702, 42.95683226, -40.36103510, 57.21632067, 0.004298875
INFO:root:138.25699970, 185.62151134, 42.74520159, -39.82534265, 55.40138983, 0.004298875
INFO:root:143.35495880, 201.63466982, 42.09082451, -40.77373076, 60.28772842, 0.004298875
INFO:root:135.61301033, 177.68817370, 42.09461468, -40.21194107, 52.89749672, 0.0036540437499999997
INFO:root:138.73113218, 179.34438681, 42.02657531, -42.90123822, 53.45652689, 0.0036540437499999997
INFO:root:143.90519678, 182.87304378, 41.83299531, -47.21028612, 54.60088488, 0.0036540437499999997
INFO:root:164.49236627, 178.71017495, 42.13484308, -68.74446850, 53.26484782, 0.0036540437499999997
INFO:root:182.72167333, 180.14820611, 42.80526357, -85.87194517, 53.74130833, 0.0036540437499999997
INFO:root:183.31603057, 183.60117388, 42.51116726, -85.72450865, 54.84474617, 0.0036540437499999997
INFO:root:177.65832068, 175.31090034, 42.77794343, -82.28710486, 52.20258153, 0.0036540437499999997
INFO:root:186.74458165, 174.96379746, 42.37615513, -91.87928537, 52.11813664, 0.0036540437499999997
INFO:root:195.21302386, 170.42414083, 42.36876736, -101.71701181, 50.70845070, 0.0036540437499999997
INFO:root:190.96204559, 172.42067323, 42.76556889, -96.47027249, 51.37513757, 0.0036540437499999997
INFO:root:198.07841454, 167.12890046, 42.54477083, -105.39497154, 49.69566374, 0.0031059371874999995
INFO:root:220.56143693, 170.08189894, 42.70944668, -126.82741809, 50.58205395, 0.0031059371874999995
INFO:root:220.98051263, 165.00988770, 42.51903447, -128.95850984, 49.07810921, 0.0031059371874999995
INFO:root:204.88868730, 166.46166142, 41.99658478, -112.95360147, 49.54853613, 0.0031059371874999995
INFO:root:187.79183481, 166.80749299, 41.84612178, -95.90346319, 49.63841122, 0.0031059371874999995
INFO:root:198.28357713, 166.82167420, 41.78462089, -106.45245146, 49.63639914, 0.0031059371874999995
INFO:root:224.75417456, 179.73047532, 41.32776690, -129.50726282, 53.58019879, 0.0031059371874999995
INFO:root:235.19381971, 166.86076683, 41.04634085, -144.08924582, 49.65226446, 0.0031059371874999995
INFO:root:240.19933912, 163.66271644, 40.62164886, -150.47887347, 48.65680931, 0.0031059371874999995
INFO:root:228.00398618, 164.15304759, 40.26888063, -138.48918979, 48.81371452, 0.0031059371874999995
INFO:root:235.80525103, 158.58233198, 39.95392440, -148.27662525, 47.10420976, 0.0026400466093749993
INFO:root:268.54915066, 161.93215150, 40.16515809, -179.80434521, 48.15078199, 0.0026400466093749993
INFO:root:265.74204256, 159.59635307, 40.21398820, -177.64914676, 47.43055276, 0.0026400466093749993
INFO:root:347.24565421, 158.19293155, 40.06429146, -259.72348136, 47.00341995, 0.0026400466093749993
INFO:root:399.13812133, 156.96642835, 40.21483554, -311.83335589, 46.61927008, 0.0026400466093749993
INFO:root:389.81047910, 159.67960078, 40.05239747, -301.85419958, 47.45516350, 0.0026400466093749993
INFO:root:341.25683770, 160.68675386, 40.23934116, -252.81146880, 47.75715473, 0.0026400466093749993
INFO:root:363.82432454, 161.63351634, 40.79991681, -274.53435047, 48.06566615, 0.0026400466093749993
INFO:root:345.85504614, 160.97216217, 40.89090289, -256.67249240, 47.82505905, 0.0026400466093749993
INFO:root:222.06460819, 165.84503985, 40.72835830, -131.58273544, 49.37292538, 0.0026400466093749993
INFO:root:238.98276237, 163.07912030, 40.97699052, -149.08203393, 48.46298020, 0.0022440396179687493
INFO:root:252.34534209, 162.63881790, 40.97948987, -162.57420471, 48.35911507, 0.0022440396179687493
INFO:root:252.95470617, 161.53743251, 41.19095979, -163.30251453, 48.01767117, 0.0022440396179687493
INFO:root:250.64314324, 161.57823239, 41.78080590, -160.38886614, 48.03770669, 0.0022440396179687493
INFO:root:256.82864091, 161.63078443, 41.73070000, -166.60870391, 48.05300391, 0.0022440396179687493
INFO:root:257.04398993, 162.90103516, 41.64349269, -166.53018401, 48.45308309, 0.0022440396179687493
INFO:root:273.86939240, 159.94976459, 41.72264790, -184.16181348, 47.53231343, 0.0022440396179687493
INFO:root:279.13845942, 160.35628442, 41.86792021, -189.16365159, 47.69168825, 0.0022440396179687493
INFO:root:310.08207812, 163.57690121, 41.30817703, -219.70082888, 48.67223291, 0.0022440396179687493
INFO:root:365.88965994, 160.65181066, 41.70621017, -275.98790482, 47.78127279, 0.0022440396179687493
INFO:root:418.38723677, 158.51949629, 41.28370951, -329.54767675, 47.12566115, 0.0019074336752734368
INFO:root:456.42201691, 156.93839100, 41.24279148, -368.09770574, 46.61058923, 0.0019074336752734368
INFO:root:470.01507886, 156.79795297, 40.92354811, -382.05214333, 46.60145545, 0.0019074336752734368
INFO:root:481.57823345, 157.28157932, 40.38006336, -394.01369486, 46.75362193, 0.0019074336752734368
INFO:root:495.41900976, 156.56946651, 39.37419109, -409.07397676, 46.55786992, 0.0019074336752734368
INFO:root:571.10295306, 156.99020869, 38.48509540, -485.52079327, 46.68124337, 0.0019074336752734368
INFO:root:543.30093766, 158.44666474, 38.37669146, -457.39024484, 47.14143048, 0.0019074336752734368
INFO:root:581.41620162, 157.54099612, 38.10520389, -496.04869793, 46.84123452, 0.0019074336752734368
INFO:root:611.33372958, 157.48023137, 38.50001989, -525.58963917, 46.80344009, 0.0019074336752734368
INFO:root:Finished training.
INFO:root:Saved model. Final Checkpoint saves/BouncingBall_20/kvae/mlp/scale=0.3/scheduler_step=10/kvae_state_dict_scale=0.3_89.pth
